CRITICAL - 2024-03-14 09:40:55 --> Class "App\Controllers\ProductModel" not found
in APPPATH\Controllers\Home.php on line 54.
 1 SYSTEMPATH\CodeIgniter.php(932): App\Controllers\Home->product()
 2 SYSTEMPATH\CodeIgniter.php(497): CodeIgniter\CodeIgniter->runController(Object(App\Controllers\Home))
 3 SYSTEMPATH\CodeIgniter.php(366): CodeIgniter\CodeIgniter->handleRequest(null, Object(Config\Cache), false)
 4 FCPATH\index.php(67): CodeIgniter\CodeIgniter->run()
CRITICAL - 2024-03-14 09:40:57 --> Class "App\Controllers\ProductModel" not found
in APPPATH\Controllers\Home.php on line 54.
 1 SYSTEMPATH\CodeIgniter.php(932): App\Controllers\Home->product()
 2 SYSTEMPATH\CodeIgniter.php(497): CodeIgniter\CodeIgniter->runController(Object(App\Controllers\Home))
 3 SYSTEMPATH\CodeIgniter.php(366): CodeIgniter\CodeIgniter->handleRequest(null, Object(Config\Cache), false)
 4 FCPATH\index.php(67): CodeIgniter\CodeIgniter->run()
CRITICAL - 2024-03-14 09:40:58 --> Class "App\Controllers\ProductModel" not found
in APPPATH\Controllers\Home.php on line 54.
 1 SYSTEMPATH\CodeIgniter.php(932): App\Controllers\Home->product()
 2 SYSTEMPATH\CodeIgniter.php(497): CodeIgniter\CodeIgniter->runController(Object(App\Controllers\Home))
 3 SYSTEMPATH\CodeIgniter.php(366): CodeIgniter\CodeIgniter->handleRequest(null, Object(Config\Cache), false)
 4 FCPATH\index.php(67): CodeIgniter\CodeIgniter->run()
CRITICAL - 2024-03-14 09:40:58 --> Class "App\Controllers\ProductModel" not found
in APPPATH\Controllers\Home.php on line 54.
 1 SYSTEMPATH\CodeIgniter.php(932): App\Controllers\Home->product()
 2 SYSTEMPATH\CodeIgniter.php(497): CodeIgniter\CodeIgniter->runController(Object(App\Controllers\Home))
 3 SYSTEMPATH\CodeIgniter.php(366): CodeIgniter\CodeIgniter->handleRequest(null, Object(Config\Cache), false)
 4 FCPATH\index.php(67): CodeIgniter\CodeIgniter->run()
CRITICAL - 2024-03-14 09:40:58 --> Class "App\Controllers\ProductModel" not found
in APPPATH\Controllers\Home.php on line 54.
 1 SYSTEMPATH\CodeIgniter.php(932): App\Controllers\Home->product()
 2 SYSTEMPATH\CodeIgniter.php(497): CodeIgniter\CodeIgniter->runController(Object(App\Controllers\Home))
 3 SYSTEMPATH\CodeIgniter.php(366): CodeIgniter\CodeIgniter->handleRequest(null, Object(Config\Cache), false)
 4 FCPATH\index.php(67): CodeIgniter\CodeIgniter->run()
CRITICAL - 2024-03-14 09:40:59 --> Class "App\Controllers\ProductModel" not found
in APPPATH\Controllers\Home.php on line 54.
 1 SYSTEMPATH\CodeIgniter.php(932): App\Controllers\Home->product()
 2 SYSTEMPATH\CodeIgniter.php(497): CodeIgniter\CodeIgniter->runController(Object(App\Controllers\Home))
 3 SYSTEMPATH\CodeIgniter.php(366): CodeIgniter\CodeIgniter->handleRequest(null, Object(Config\Cache), false)
 4 FCPATH\index.php(67): CodeIgniter\CodeIgniter->run()
CRITICAL - 2024-03-14 09:40:59 --> Class "App\Controllers\ProductModel" not found
in APPPATH\Controllers\Home.php on line 54.
 1 SYSTEMPATH\CodeIgniter.php(932): App\Controllers\Home->product()
 2 SYSTEMPATH\CodeIgniter.php(497): CodeIgniter\CodeIgniter->runController(Object(App\Controllers\Home))
 3 SYSTEMPATH\CodeIgniter.php(366): CodeIgniter\CodeIgniter->handleRequest(null, Object(Config\Cache), false)
 4 FCPATH\index.php(67): CodeIgniter\CodeIgniter->run()
CRITICAL - 2024-03-14 09:40:59 --> Class "App\Controllers\ProductModel" not found
in APPPATH\Controllers\Home.php on line 54.
 1 SYSTEMPATH\CodeIgniter.php(932): App\Controllers\Home->product()
 2 SYSTEMPATH\CodeIgniter.php(497): CodeIgniter\CodeIgniter->runController(Object(App\Controllers\Home))
 3 SYSTEMPATH\CodeIgniter.php(366): CodeIgniter\CodeIgniter->handleRequest(null, Object(Config\Cache), false)
 4 FCPATH\index.php(67): CodeIgniter\CodeIgniter->run()
CRITICAL - 2024-03-14 09:40:59 --> Class "App\Controllers\ProductModel" not found
in APPPATH\Controllers\Home.php on line 54.
 1 SYSTEMPATH\CodeIgniter.php(932): App\Controllers\Home->product()
 2 SYSTEMPATH\CodeIgniter.php(497): CodeIgniter\CodeIgniter->runController(Object(App\Controllers\Home))
 3 SYSTEMPATH\CodeIgniter.php(366): CodeIgniter\CodeIgniter->handleRequest(null, Object(Config\Cache), false)
 4 FCPATH\index.php(67): CodeIgniter\CodeIgniter->run()
CRITICAL - 2024-03-14 09:40:59 --> Class "App\Controllers\ProductModel" not found
in APPPATH\Controllers\Home.php on line 54.
 1 SYSTEMPATH\CodeIgniter.php(932): App\Controllers\Home->product()
 2 SYSTEMPATH\CodeIgniter.php(497): CodeIgniter\CodeIgniter->runController(Object(App\Controllers\Home))
 3 SYSTEMPATH\CodeIgniter.php(366): CodeIgniter\CodeIgniter->handleRequest(null, Object(Config\Cache), false)
 4 FCPATH\index.php(67): CodeIgniter\CodeIgniter->run()
CRITICAL - 2024-03-14 09:41:00 --> Class "App\Controllers\ProductModel" not found
in APPPATH\Controllers\Home.php on line 54.
 1 SYSTEMPATH\CodeIgniter.php(932): App\Controllers\Home->product()
 2 SYSTEMPATH\CodeIgniter.php(497): CodeIgniter\CodeIgniter->runController(Object(App\Controllers\Home))
 3 SYSTEMPATH\CodeIgniter.php(366): CodeIgniter\CodeIgniter->handleRequest(null, Object(Config\Cache), false)
 4 FCPATH\index.php(67): CodeIgniter\CodeIgniter->run()
CRITICAL - 2024-03-14 09:41:00 --> Class "App\Controllers\ProductModel" not found
in APPPATH\Controllers\Home.php on line 54.
 1 SYSTEMPATH\CodeIgniter.php(932): App\Controllers\Home->product()
 2 SYSTEMPATH\CodeIgniter.php(497): CodeIgniter\CodeIgniter->runController(Object(App\Controllers\Home))
 3 SYSTEMPATH\CodeIgniter.php(366): CodeIgniter\CodeIgniter->handleRequest(null, Object(Config\Cache), false)
 4 FCPATH\index.php(67): CodeIgniter\CodeIgniter->run()
CRITICAL - 2024-03-14 09:41:00 --> Class "App\Controllers\ProductModel" not found
in APPPATH\Controllers\Home.php on line 54.
 1 SYSTEMPATH\CodeIgniter.php(932): App\Controllers\Home->product()
 2 SYSTEMPATH\CodeIgniter.php(497): CodeIgniter\CodeIgniter->runController(Object(App\Controllers\Home))
 3 SYSTEMPATH\CodeIgniter.php(366): CodeIgniter\CodeIgniter->handleRequest(null, Object(Config\Cache), false)
 4 FCPATH\index.php(67): CodeIgniter\CodeIgniter->run()
CRITICAL - 2024-03-14 09:41:00 --> Class "App\Controllers\ProductModel" not found
in APPPATH\Controllers\Home.php on line 54.
 1 SYSTEMPATH\CodeIgniter.php(932): App\Controllers\Home->product()
 2 SYSTEMPATH\CodeIgniter.php(497): CodeIgniter\CodeIgniter->runController(Object(App\Controllers\Home))
 3 SYSTEMPATH\CodeIgniter.php(366): CodeIgniter\CodeIgniter->handleRequest(null, Object(Config\Cache), false)
 4 FCPATH\index.php(67): CodeIgniter\CodeIgniter->run()
CRITICAL - 2024-03-14 09:41:01 --> Class "App\Controllers\ProductModel" not found
in APPPATH\Controllers\Home.php on line 54.
 1 SYSTEMPATH\CodeIgniter.php(932): App\Controllers\Home->product()
 2 SYSTEMPATH\CodeIgniter.php(497): CodeIgniter\CodeIgniter->runController(Object(App\Controllers\Home))
 3 SYSTEMPATH\CodeIgniter.php(366): CodeIgniter\CodeIgniter->handleRequest(null, Object(Config\Cache), false)
 4 FCPATH\index.php(67): CodeIgniter\CodeIgniter->run()
CRITICAL - 2024-03-14 09:41:01 --> Class "App\Controllers\ProductModel" not found
in APPPATH\Controllers\Home.php on line 54.
 1 SYSTEMPATH\CodeIgniter.php(932): App\Controllers\Home->product()
 2 SYSTEMPATH\CodeIgniter.php(497): CodeIgniter\CodeIgniter->runController(Object(App\Controllers\Home))
 3 SYSTEMPATH\CodeIgniter.php(366): CodeIgniter\CodeIgniter->handleRequest(null, Object(Config\Cache), false)
 4 FCPATH\index.php(67): CodeIgniter\CodeIgniter->run()
CRITICAL - 2024-03-14 09:41:01 --> Class "App\Controllers\ProductModel" not found
in APPPATH\Controllers\Home.php on line 54.
 1 SYSTEMPATH\CodeIgniter.php(932): App\Controllers\Home->product()
 2 SYSTEMPATH\CodeIgniter.php(497): CodeIgniter\CodeIgniter->runController(Object(App\Controllers\Home))
 3 SYSTEMPATH\CodeIgniter.php(366): CodeIgniter\CodeIgniter->handleRequest(null, Object(Config\Cache), false)
 4 FCPATH\index.php(67): CodeIgniter\CodeIgniter->run()
CRITICAL - 2024-03-14 09:41:02 --> Class "App\Controllers\ProductModel" not found
in APPPATH\Controllers\Home.php on line 54.
 1 SYSTEMPATH\CodeIgniter.php(932): App\Controllers\Home->product()
 2 SYSTEMPATH\CodeIgniter.php(497): CodeIgniter\CodeIgniter->runController(Object(App\Controllers\Home))
 3 SYSTEMPATH\CodeIgniter.php(366): CodeIgniter\CodeIgniter->handleRequest(null, Object(Config\Cache), false)
 4 FCPATH\index.php(67): CodeIgniter\CodeIgniter->run()
CRITICAL - 2024-03-14 09:41:02 --> Class "App\Controllers\ProductModel" not found
in APPPATH\Controllers\Home.php on line 54.
 1 SYSTEMPATH\CodeIgniter.php(932): App\Controllers\Home->product()
 2 SYSTEMPATH\CodeIgniter.php(497): CodeIgniter\CodeIgniter->runController(Object(App\Controllers\Home))
 3 SYSTEMPATH\CodeIgniter.php(366): CodeIgniter\CodeIgniter->handleRequest(null, Object(Config\Cache), false)
 4 FCPATH\index.php(67): CodeIgniter\CodeIgniter->run()
CRITICAL - 2024-03-14 09:41:02 --> Class "App\Controllers\ProductModel" not found
in APPPATH\Controllers\Home.php on line 54.
 1 SYSTEMPATH\CodeIgniter.php(932): App\Controllers\Home->product()
 2 SYSTEMPATH\CodeIgniter.php(497): CodeIgniter\CodeIgniter->runController(Object(App\Controllers\Home))
 3 SYSTEMPATH\CodeIgniter.php(366): CodeIgniter\CodeIgniter->handleRequest(null, Object(Config\Cache), false)
 4 FCPATH\index.php(67): CodeIgniter\CodeIgniter->run()
CRITICAL - 2024-03-14 09:41:02 --> Class "App\Controllers\ProductModel" not found
in APPPATH\Controllers\Home.php on line 54.
 1 SYSTEMPATH\CodeIgniter.php(932): App\Controllers\Home->product()
 2 SYSTEMPATH\CodeIgniter.php(497): CodeIgniter\CodeIgniter->runController(Object(App\Controllers\Home))
 3 SYSTEMPATH\CodeIgniter.php(366): CodeIgniter\CodeIgniter->handleRequest(null, Object(Config\Cache), false)
 4 FCPATH\index.php(67): CodeIgniter\CodeIgniter->run()
CRITICAL - 2024-03-14 09:41:03 --> Class "App\Controllers\ProductModel" not found
in APPPATH\Controllers\Home.php on line 54.
 1 SYSTEMPATH\CodeIgniter.php(932): App\Controllers\Home->product()
 2 SYSTEMPATH\CodeIgniter.php(497): CodeIgniter\CodeIgniter->runController(Object(App\Controllers\Home))
 3 SYSTEMPATH\CodeIgniter.php(366): CodeIgniter\CodeIgniter->handleRequest(null, Object(Config\Cache), false)
 4 FCPATH\index.php(67): CodeIgniter\CodeIgniter->run()
CRITICAL - 2024-03-14 09:41:03 --> Class "App\Controllers\ProductModel" not found
in APPPATH\Controllers\Home.php on line 54.
 1 SYSTEMPATH\CodeIgniter.php(932): App\Controllers\Home->product()
 2 SYSTEMPATH\CodeIgniter.php(497): CodeIgniter\CodeIgniter->runController(Object(App\Controllers\Home))
 3 SYSTEMPATH\CodeIgniter.php(366): CodeIgniter\CodeIgniter->handleRequest(null, Object(Config\Cache), false)
 4 FCPATH\index.php(67): CodeIgniter\CodeIgniter->run()
CRITICAL - 2024-03-14 09:41:03 --> Class "App\Controllers\ProductModel" not found
in APPPATH\Controllers\Home.php on line 54.
 1 SYSTEMPATH\CodeIgniter.php(932): App\Controllers\Home->product()
 2 SYSTEMPATH\CodeIgniter.php(497): CodeIgniter\CodeIgniter->runController(Object(App\Controllers\Home))
 3 SYSTEMPATH\CodeIgniter.php(366): CodeIgniter\CodeIgniter->handleRequest(null, Object(Config\Cache), false)
 4 FCPATH\index.php(67): CodeIgniter\CodeIgniter->run()
CRITICAL - 2024-03-14 09:41:03 --> Class "App\Controllers\ProductModel" not found
in APPPATH\Controllers\Home.php on line 54.
 1 SYSTEMPATH\CodeIgniter.php(932): App\Controllers\Home->product()
 2 SYSTEMPATH\CodeIgniter.php(497): CodeIgniter\CodeIgniter->runController(Object(App\Controllers\Home))
 3 SYSTEMPATH\CodeIgniter.php(366): CodeIgniter\CodeIgniter->handleRequest(null, Object(Config\Cache), false)
 4 FCPATH\index.php(67): CodeIgniter\CodeIgniter->run()
CRITICAL - 2024-03-14 09:41:03 --> Class "App\Controllers\ProductModel" not found
in APPPATH\Controllers\Home.php on line 54.
 1 SYSTEMPATH\CodeIgniter.php(932): App\Controllers\Home->product()
 2 SYSTEMPATH\CodeIgniter.php(497): CodeIgniter\CodeIgniter->runController(Object(App\Controllers\Home))
 3 SYSTEMPATH\CodeIgniter.php(366): CodeIgniter\CodeIgniter->handleRequest(null, Object(Config\Cache), false)
 4 FCPATH\index.php(67): CodeIgniter\CodeIgniter->run()
CRITICAL - 2024-03-14 09:41:04 --> Class "App\Controllers\ProductModel" not found
in APPPATH\Controllers\Home.php on line 54.
 1 SYSTEMPATH\CodeIgniter.php(932): App\Controllers\Home->product()
 2 SYSTEMPATH\CodeIgniter.php(497): CodeIgniter\CodeIgniter->runController(Object(App\Controllers\Home))
 3 SYSTEMPATH\CodeIgniter.php(366): CodeIgniter\CodeIgniter->handleRequest(null, Object(Config\Cache), false)
 4 FCPATH\index.php(67): CodeIgniter\CodeIgniter->run()
CRITICAL - 2024-03-14 09:41:04 --> Class "App\Controllers\ProductModel" not found
in APPPATH\Controllers\Home.php on line 54.
 1 SYSTEMPATH\CodeIgniter.php(932): App\Controllers\Home->product()
 2 SYSTEMPATH\CodeIgniter.php(497): CodeIgniter\CodeIgniter->runController(Object(App\Controllers\Home))
 3 SYSTEMPATH\CodeIgniter.php(366): CodeIgniter\CodeIgniter->handleRequest(null, Object(Config\Cache), false)
 4 FCPATH\index.php(67): CodeIgniter\CodeIgniter->run()
CRITICAL - 2024-03-14 09:41:16 --> Class "App\Controllers\ProductModel" not found
in APPPATH\Controllers\Home.php on line 54.
 1 SYSTEMPATH\CodeIgniter.php(932): App\Controllers\Home->product()
 2 SYSTEMPATH\CodeIgniter.php(497): CodeIgniter\CodeIgniter->runController(Object(App\Controllers\Home))
 3 SYSTEMPATH\CodeIgniter.php(366): CodeIgniter\CodeIgniter->handleRequest(null, Object(Config\Cache), false)
 4 FCPATH\index.php(67): CodeIgniter\CodeIgniter->run()
CRITICAL - 2024-03-14 09:42:21 --> Class "App\Controllers\ProductModel" not found
in APPPATH\Controllers\Home.php on line 54.
 1 SYSTEMPATH\CodeIgniter.php(932): App\Controllers\Home->product()
 2 SYSTEMPATH\CodeIgniter.php(497): CodeIgniter\CodeIgniter->runController(Object(App\Controllers\Home))
 3 SYSTEMPATH\CodeIgniter.php(366): CodeIgniter\CodeIgniter->handleRequest(null, Object(Config\Cache), false)
 4 FCPATH\index.php(67): CodeIgniter\CodeIgniter->run()
CRITICAL - 2024-03-14 09:43:17 --> Class "App\Controllers\ProductModel" not found
in APPPATH\Controllers\Home.php on line 54.
 1 SYSTEMPATH\CodeIgniter.php(932): App\Controllers\Home->product()
 2 SYSTEMPATH\CodeIgniter.php(497): CodeIgniter\CodeIgniter->runController(Object(App\Controllers\Home))
 3 SYSTEMPATH\CodeIgniter.php(366): CodeIgniter\CodeIgniter->handleRequest(null, Object(Config\Cache), false)
 4 FCPATH\index.php(67): CodeIgniter\CodeIgniter->run()
CRITICAL - 2024-03-14 09:43:19 --> Class "App\Controllers\ProductModel" not found
in APPPATH\Controllers\Home.php on line 54.
 1 SYSTEMPATH\CodeIgniter.php(932): App\Controllers\Home->product()
 2 SYSTEMPATH\CodeIgniter.php(497): CodeIgniter\CodeIgniter->runController(Object(App\Controllers\Home))
 3 SYSTEMPATH\CodeIgniter.php(366): CodeIgniter\CodeIgniter->handleRequest(null, Object(Config\Cache), false)
 4 FCPATH\index.php(67): CodeIgniter\CodeIgniter->run()
CRITICAL - 2024-03-14 09:43:20 --> Class "App\Controllers\ProductModel" not found
in APPPATH\Controllers\Home.php on line 54.
 1 SYSTEMPATH\CodeIgniter.php(932): App\Controllers\Home->product()
 2 SYSTEMPATH\CodeIgniter.php(497): CodeIgniter\CodeIgniter->runController(Object(App\Controllers\Home))
 3 SYSTEMPATH\CodeIgniter.php(366): CodeIgniter\CodeIgniter->handleRequest(null, Object(Config\Cache), false)
 4 FCPATH\index.php(67): CodeIgniter\CodeIgniter->run()
CRITICAL - 2024-03-14 09:49:45 --> Undefined variable $titles
in APPPATH\Views\view_inventory.php on line 57.
 1 APPPATH\Views\view_inventory.php(57): CodeIgniter\Debug\Exceptions->errorHandler(2, 'Undefined variable $titles', 'E:\\xampp\\htdocs\\KrushnaDairy\\app\\Views\\view_inventory.php', 57)
 2 SYSTEMPATH\View\View.php(224): include('E:\\xampp\\htdocs\\KrushnaDairy\\app\\Views\\view_inventory.php')
 3 SYSTEMPATH\View\View.php(227): CodeIgniter\View\View->CodeIgniter\View\{closure}()
 4 SYSTEMPATH\Common.php(1180): CodeIgniter\View\View->render('view_inventory', [], true)
 5 APPPATH\Controllers\Home.php(45): view('view_inventory', [...])
 6 SYSTEMPATH\CodeIgniter.php(932): App\Controllers\Home->inventory()
 7 SYSTEMPATH\CodeIgniter.php(497): CodeIgniter\CodeIgniter->runController(Object(App\Controllers\Home))
 8 SYSTEMPATH\CodeIgniter.php(366): CodeIgniter\CodeIgniter->handleRequest(null, Object(Config\Cache), false)
 9 FCPATH\index.php(67): CodeIgniter\CodeIgniter->run()
CRITICAL - 2024-03-14 09:49:47 --> Undefined variable $titles
in APPPATH\Views\view_inventory.php on line 57.
 1 APPPATH\Views\view_inventory.php(57): CodeIgniter\Debug\Exceptions->errorHandler(2, 'Undefined variable $titles', 'E:\\xampp\\htdocs\\KrushnaDairy\\app\\Views\\view_inventory.php', 57)
 2 SYSTEMPATH\View\View.php(224): include('E:\\xampp\\htdocs\\KrushnaDairy\\app\\Views\\view_inventory.php')
 3 SYSTEMPATH\View\View.php(227): CodeIgniter\View\View->CodeIgniter\View\{closure}()
 4 SYSTEMPATH\Common.php(1180): CodeIgniter\View\View->render('view_inventory', [], true)
 5 APPPATH\Controllers\Home.php(45): view('view_inventory', [...])
 6 SYSTEMPATH\CodeIgniter.php(932): App\Controllers\Home->inventory()
 7 SYSTEMPATH\CodeIgniter.php(497): CodeIgniter\CodeIgniter->runController(Object(App\Controllers\Home))
 8 SYSTEMPATH\CodeIgniter.php(366): CodeIgniter\CodeIgniter->handleRequest(null, Object(Config\Cache), false)
 9 FCPATH\index.php(67): CodeIgniter\CodeIgniter->run()
CRITICAL - 2024-03-14 09:53:00 --> Class "App\Controllers\ProductModel" not found
in APPPATH\Controllers\Home.php on line 54.
 1 SYSTEMPATH\CodeIgniter.php(932): App\Controllers\Home->product()
 2 SYSTEMPATH\CodeIgniter.php(497): CodeIgniter\CodeIgniter->runController(Object(App\Controllers\Home))
 3 SYSTEMPATH\CodeIgniter.php(366): CodeIgniter\CodeIgniter->handleRequest(null, Object(Config\Cache), false)
 4 FCPATH\index.php(67): CodeIgniter\CodeIgniter->run()
CRITICAL - 2024-03-14 09:53:01 --> Class "App\Controllers\ProductModel" not found
in APPPATH\Controllers\Home.php on line 54.
 1 SYSTEMPATH\CodeIgniter.php(932): App\Controllers\Home->product()
 2 SYSTEMPATH\CodeIgniter.php(497): CodeIgniter\CodeIgniter->runController(Object(App\Controllers\Home))
 3 SYSTEMPATH\CodeIgniter.php(366): CodeIgniter\CodeIgniter->handleRequest(null, Object(Config\Cache), false)
 4 FCPATH\index.php(67): CodeIgniter\CodeIgniter->run()
CRITICAL - 2024-03-14 09:53:14 --> Class "App\Controllers\ProductModel" not found
in APPPATH\Controllers\Home.php on line 54.
 1 SYSTEMPATH\CodeIgniter.php(932): App\Controllers\Home->product()
 2 SYSTEMPATH\CodeIgniter.php(497): CodeIgniter\CodeIgniter->runController(Object(App\Controllers\Home))
 3 SYSTEMPATH\CodeIgniter.php(366): CodeIgniter\CodeIgniter->handleRequest(null, Object(Config\Cache), false)
 4 FCPATH\index.php(67): CodeIgniter\CodeIgniter->run()
CRITICAL - 2024-03-14 09:53:21 --> Class "App\Controllers\ProductModel" not found
in APPPATH\Controllers\Home.php on line 54.
 1 SYSTEMPATH\CodeIgniter.php(932): App\Controllers\Home->product()
 2 SYSTEMPATH\CodeIgniter.php(497): CodeIgniter\CodeIgniter->runController(Object(App\Controllers\Home))
 3 SYSTEMPATH\CodeIgniter.php(366): CodeIgniter\CodeIgniter->handleRequest(null, Object(Config\Cache), false)
 4 FCPATH\index.php(67): CodeIgniter\CodeIgniter->run()
CRITICAL - 2024-03-14 09:55:01 --> Class "App\Controllers\ProductModel" not found
in APPPATH\Controllers\Home.php on line 54.
 1 SYSTEMPATH\CodeIgniter.php(932): App\Controllers\Home->product()
 2 SYSTEMPATH\CodeIgniter.php(497): CodeIgniter\CodeIgniter->runController(Object(App\Controllers\Home))
 3 SYSTEMPATH\CodeIgniter.php(366): CodeIgniter\CodeIgniter->handleRequest(null, Object(Config\Cache), false)
 4 FCPATH\index.php(67): CodeIgniter\CodeIgniter->run()
CRITICAL - 2024-03-14 09:55:03 --> Class "App\Controllers\ProductModel" not found
in APPPATH\Controllers\Home.php on line 54.
 1 SYSTEMPATH\CodeIgniter.php(932): App\Controllers\Home->product()
 2 SYSTEMPATH\CodeIgniter.php(497): CodeIgniter\CodeIgniter->runController(Object(App\Controllers\Home))
 3 SYSTEMPATH\CodeIgniter.php(366): CodeIgniter\CodeIgniter->handleRequest(null, Object(Config\Cache), false)
 4 FCPATH\index.php(67): CodeIgniter\CodeIgniter->run()
CRITICAL - 2024-03-14 09:55:35 --> Class "App\Controllers\ProductModel" not found
in APPPATH\Controllers\Home.php on line 54.
 1 SYSTEMPATH\CodeIgniter.php(932): App\Controllers\Home->product()
 2 SYSTEMPATH\CodeIgniter.php(497): CodeIgniter\CodeIgniter->runController(Object(App\Controllers\Home))
 3 SYSTEMPATH\CodeIgniter.php(366): CodeIgniter\CodeIgniter->handleRequest(null, Object(Config\Cache), false)
 4 FCPATH\index.php(67): CodeIgniter\CodeIgniter->run()
CRITICAL - 2024-03-14 09:55:37 --> Class "App\Controllers\ProductModel" not found
in APPPATH\Controllers\Home.php on line 54.
 1 SYSTEMPATH\CodeIgniter.php(932): App\Controllers\Home->product()
 2 SYSTEMPATH\CodeIgniter.php(497): CodeIgniter\CodeIgniter->runController(Object(App\Controllers\Home))
 3 SYSTEMPATH\CodeIgniter.php(366): CodeIgniter\CodeIgniter->handleRequest(null, Object(Config\Cache), false)
 4 FCPATH\index.php(67): CodeIgniter\CodeIgniter->run()
CRITICAL - 2024-03-14 09:55:42 --> Class "App\Controllers\ProductModel" not found
in APPPATH\Controllers\Home.php on line 54.
 1 SYSTEMPATH\CodeIgniter.php(932): App\Controllers\Home->product()
 2 SYSTEMPATH\CodeIgniter.php(497): CodeIgniter\CodeIgniter->runController(Object(App\Controllers\Home))
 3 SYSTEMPATH\CodeIgniter.php(366): CodeIgniter\CodeIgniter->handleRequest(null, Object(Config\Cache), false)
 4 FCPATH\index.php(67): CodeIgniter\CodeIgniter->run()
CRITICAL - 2024-03-14 09:55:49 --> Class "App\Controllers\ProductModel" not found
in APPPATH\Controllers\Home.php on line 54.
 1 SYSTEMPATH\CodeIgniter.php(932): App\Controllers\Home->product()
 2 SYSTEMPATH\CodeIgniter.php(497): CodeIgniter\CodeIgniter->runController(Object(App\Controllers\Home))
 3 SYSTEMPATH\CodeIgniter.php(366): CodeIgniter\CodeIgniter->handleRequest(null, Object(Config\Cache), false)
 4 FCPATH\index.php(67): CodeIgniter\CodeIgniter->run()
CRITICAL - 2024-03-14 09:57:01 --> syntax error, unexpected variable "$session"
in APPPATH\Controllers\ProductController.php on line 27.
 1 SYSTEMPATH\Autoloader\Autoloader.php(289): CodeIgniter\Autoloader\Autoloader->includeFile('E:\\xampp\\htdocs\\KrushnaDairy\\app\\Controllers\\ProductController.php')
 2 SYSTEMPATH\Autoloader\Autoloader.php(267): CodeIgniter\Autoloader\Autoloader->loadInNamespace('App\\Controllers\\ProductController')
 3 [internal function]: CodeIgniter\Autoloader\Autoloader->loadClass('App\\Controllers\\ProductController')
 4 SYSTEMPATH\CodeIgniter.php(890): class_exists('\\App\\Controllers\\ProductController', true)
 5 SYSTEMPATH\CodeIgniter.php(484): CodeIgniter\CodeIgniter->startController()
 6 SYSTEMPATH\CodeIgniter.php(366): CodeIgniter\CodeIgniter->handleRequest(null, Object(Config\Cache), false)
 7 FCPATH\index.php(67): CodeIgniter\CodeIgniter->run()
CRITICAL - 2024-03-14 10:05:41 --> syntax error, unexpected end of file
in APPPATH\Views\view_inventory.php on line 173.
 1 SYSTEMPATH\View\View.php(227): CodeIgniter\View\View->CodeIgniter\View\{closure}()
 2 SYSTEMPATH\Common.php(1180): CodeIgniter\View\View->render('view_inventory', [], true)
 3 APPPATH\Controllers\Home.php(47): view('view_inventory', [...])
 4 SYSTEMPATH\CodeIgniter.php(932): App\Controllers\Home->inventory()
 5 SYSTEMPATH\CodeIgniter.php(497): CodeIgniter\CodeIgniter->runController(Object(App\Controllers\Home))
 6 SYSTEMPATH\CodeIgniter.php(366): CodeIgniter\CodeIgniter->handleRequest(null, Object(Config\Cache), false)
 7 FCPATH\index.php(67): CodeIgniter\CodeIgniter->run()
CRITICAL - 2024-03-14 10:05:45 --> syntax error, unexpected end of file
in APPPATH\Views\view_inventory.php on line 173.
 1 SYSTEMPATH\View\View.php(227): CodeIgniter\View\View->CodeIgniter\View\{closure}()
 2 SYSTEMPATH\Common.php(1180): CodeIgniter\View\View->render('view_inventory', [], true)
 3 APPPATH\Controllers\Home.php(47): view('view_inventory', [...])
 4 SYSTEMPATH\CodeIgniter.php(932): App\Controllers\Home->inventory()
 5 SYSTEMPATH\CodeIgniter.php(497): CodeIgniter\CodeIgniter->runController(Object(App\Controllers\Home))
 6 SYSTEMPATH\CodeIgniter.php(366): CodeIgniter\CodeIgniter->handleRequest(null, Object(Config\Cache), false)
 7 FCPATH\index.php(67): CodeIgniter\CodeIgniter->run()
CRITICAL - 2024-03-14 10:06:02 --> Undefined array key "title"
in APPPATH\Views\view_inventory.php on line 154.
 1 APPPATH\Views\view_inventory.php(154): CodeIgniter\Debug\Exceptions->errorHandler(2, 'Undefined array key "title"', 'E:\\xampp\\htdocs\\KrushnaDairy\\app\\Views\\view_inventory.php', 154)
 2 SYSTEMPATH\View\View.php(224): include('E:\\xampp\\htdocs\\KrushnaDairy\\app\\Views\\view_inventory.php')
 3 SYSTEMPATH\View\View.php(227): CodeIgniter\View\View->CodeIgniter\View\{closure}()
 4 SYSTEMPATH\Common.php(1180): CodeIgniter\View\View->render('view_inventory', [], true)
 5 APPPATH\Controllers\Home.php(47): view('view_inventory', [...])
 6 SYSTEMPATH\CodeIgniter.php(932): App\Controllers\Home->inventory()
 7 SYSTEMPATH\CodeIgniter.php(497): CodeIgniter\CodeIgniter->runController(Object(App\Controllers\Home))
 8 SYSTEMPATH\CodeIgniter.php(366): CodeIgniter\CodeIgniter->handleRequest(null, Object(Config\Cache), false)
 9 FCPATH\index.php(67): CodeIgniter\CodeIgniter->run()
CRITICAL - 2024-03-14 10:06:03 --> Undefined array key "title"
in APPPATH\Views\view_inventory.php on line 154.
 1 APPPATH\Views\view_inventory.php(154): CodeIgniter\Debug\Exceptions->errorHandler(2, 'Undefined array key "title"', 'E:\\xampp\\htdocs\\KrushnaDairy\\app\\Views\\view_inventory.php', 154)
 2 SYSTEMPATH\View\View.php(224): include('E:\\xampp\\htdocs\\KrushnaDairy\\app\\Views\\view_inventory.php')
 3 SYSTEMPATH\View\View.php(227): CodeIgniter\View\View->CodeIgniter\View\{closure}()
 4 SYSTEMPATH\Common.php(1180): CodeIgniter\View\View->render('view_inventory', [], true)
 5 APPPATH\Controllers\Home.php(47): view('view_inventory', [...])
 6 SYSTEMPATH\CodeIgniter.php(932): App\Controllers\Home->inventory()
 7 SYSTEMPATH\CodeIgniter.php(497): CodeIgniter\CodeIgniter->runController(Object(App\Controllers\Home))
 8 SYSTEMPATH\CodeIgniter.php(366): CodeIgniter\CodeIgniter->handleRequest(null, Object(Config\Cache), false)
 9 FCPATH\index.php(67): CodeIgniter\CodeIgniter->run()
CRITICAL - 2024-03-14 10:06:04 --> Undefined array key "title"
in APPPATH\Views\view_inventory.php on line 154.
 1 APPPATH\Views\view_inventory.php(154): CodeIgniter\Debug\Exceptions->errorHandler(2, 'Undefined array key "title"', 'E:\\xampp\\htdocs\\KrushnaDairy\\app\\Views\\view_inventory.php', 154)
 2 SYSTEMPATH\View\View.php(224): include('E:\\xampp\\htdocs\\KrushnaDairy\\app\\Views\\view_inventory.php')
 3 SYSTEMPATH\View\View.php(227): CodeIgniter\View\View->CodeIgniter\View\{closure}()
 4 SYSTEMPATH\Common.php(1180): CodeIgniter\View\View->render('view_inventory', [], true)
 5 APPPATH\Controllers\Home.php(47): view('view_inventory', [...])
 6 SYSTEMPATH\CodeIgniter.php(932): App\Controllers\Home->inventory()
 7 SYSTEMPATH\CodeIgniter.php(497): CodeIgniter\CodeIgniter->runController(Object(App\Controllers\Home))
 8 SYSTEMPATH\CodeIgniter.php(366): CodeIgniter\CodeIgniter->handleRequest(null, Object(Config\Cache), false)
 9 FCPATH\index.php(67): CodeIgniter\CodeIgniter->run()
CRITICAL - 2024-03-14 10:06:04 --> Undefined array key "title"
in APPPATH\Views\view_inventory.php on line 154.
 1 APPPATH\Views\view_inventory.php(154): CodeIgniter\Debug\Exceptions->errorHandler(2, 'Undefined array key "title"', 'E:\\xampp\\htdocs\\KrushnaDairy\\app\\Views\\view_inventory.php', 154)
 2 SYSTEMPATH\View\View.php(224): include('E:\\xampp\\htdocs\\KrushnaDairy\\app\\Views\\view_inventory.php')
 3 SYSTEMPATH\View\View.php(227): CodeIgniter\View\View->CodeIgniter\View\{closure}()
 4 SYSTEMPATH\Common.php(1180): CodeIgniter\View\View->render('view_inventory', [], true)
 5 APPPATH\Controllers\Home.php(47): view('view_inventory', [...])
 6 SYSTEMPATH\CodeIgniter.php(932): App\Controllers\Home->inventory()
 7 SYSTEMPATH\CodeIgniter.php(497): CodeIgniter\CodeIgniter->runController(Object(App\Controllers\Home))
 8 SYSTEMPATH\CodeIgniter.php(366): CodeIgniter\CodeIgniter->handleRequest(null, Object(Config\Cache), false)
 9 FCPATH\index.php(67): CodeIgniter\CodeIgniter->run()
CRITICAL - 2024-03-14 10:06:04 --> Undefined array key "title"
in APPPATH\Views\view_inventory.php on line 154.
 1 APPPATH\Views\view_inventory.php(154): CodeIgniter\Debug\Exceptions->errorHandler(2, 'Undefined array key "title"', 'E:\\xampp\\htdocs\\KrushnaDairy\\app\\Views\\view_inventory.php', 154)
 2 SYSTEMPATH\View\View.php(224): include('E:\\xampp\\htdocs\\KrushnaDairy\\app\\Views\\view_inventory.php')
 3 SYSTEMPATH\View\View.php(227): CodeIgniter\View\View->CodeIgniter\View\{closure}()
 4 SYSTEMPATH\Common.php(1180): CodeIgniter\View\View->render('view_inventory', [], true)
 5 APPPATH\Controllers\Home.php(47): view('view_inventory', [...])
 6 SYSTEMPATH\CodeIgniter.php(932): App\Controllers\Home->inventory()
 7 SYSTEMPATH\CodeIgniter.php(497): CodeIgniter\CodeIgniter->runController(Object(App\Controllers\Home))
 8 SYSTEMPATH\CodeIgniter.php(366): CodeIgniter\CodeIgniter->handleRequest(null, Object(Config\Cache), false)
 9 FCPATH\index.php(67): CodeIgniter\CodeIgniter->run()
CRITICAL - 2024-03-14 10:06:05 --> Undefined array key "title"
in APPPATH\Views\view_inventory.php on line 154.
 1 APPPATH\Views\view_inventory.php(154): CodeIgniter\Debug\Exceptions->errorHandler(2, 'Undefined array key "title"', 'E:\\xampp\\htdocs\\KrushnaDairy\\app\\Views\\view_inventory.php', 154)
 2 SYSTEMPATH\View\View.php(224): include('E:\\xampp\\htdocs\\KrushnaDairy\\app\\Views\\view_inventory.php')
 3 SYSTEMPATH\View\View.php(227): CodeIgniter\View\View->CodeIgniter\View\{closure}()
 4 SYSTEMPATH\Common.php(1180): CodeIgniter\View\View->render('view_inventory', [], true)
 5 APPPATH\Controllers\Home.php(47): view('view_inventory', [...])
 6 SYSTEMPATH\CodeIgniter.php(932): App\Controllers\Home->inventory()
 7 SYSTEMPATH\CodeIgniter.php(497): CodeIgniter\CodeIgniter->runController(Object(App\Controllers\Home))
 8 SYSTEMPATH\CodeIgniter.php(366): CodeIgniter\CodeIgniter->handleRequest(null, Object(Config\Cache), false)
 9 FCPATH\index.php(67): CodeIgniter\CodeIgniter->run()
CRITICAL - 2024-03-14 10:06:05 --> Undefined array key "title"
in APPPATH\Views\view_inventory.php on line 154.
 1 APPPATH\Views\view_inventory.php(154): CodeIgniter\Debug\Exceptions->errorHandler(2, 'Undefined array key "title"', 'E:\\xampp\\htdocs\\KrushnaDairy\\app\\Views\\view_inventory.php', 154)
 2 SYSTEMPATH\View\View.php(224): include('E:\\xampp\\htdocs\\KrushnaDairy\\app\\Views\\view_inventory.php')
 3 SYSTEMPATH\View\View.php(227): CodeIgniter\View\View->CodeIgniter\View\{closure}()
 4 SYSTEMPATH\Common.php(1180): CodeIgniter\View\View->render('view_inventory', [], true)
 5 APPPATH\Controllers\Home.php(47): view('view_inventory', [...])
 6 SYSTEMPATH\CodeIgniter.php(932): App\Controllers\Home->inventory()
 7 SYSTEMPATH\CodeIgniter.php(497): CodeIgniter\CodeIgniter->runController(Object(App\Controllers\Home))
 8 SYSTEMPATH\CodeIgniter.php(366): CodeIgniter\CodeIgniter->handleRequest(null, Object(Config\Cache), false)
 9 FCPATH\index.php(67): CodeIgniter\CodeIgniter->run()
CRITICAL - 2024-03-14 10:06:05 --> Undefined array key "title"
in APPPATH\Views\view_inventory.php on line 154.
 1 APPPATH\Views\view_inventory.php(154): CodeIgniter\Debug\Exceptions->errorHandler(2, 'Undefined array key "title"', 'E:\\xampp\\htdocs\\KrushnaDairy\\app\\Views\\view_inventory.php', 154)
 2 SYSTEMPATH\View\View.php(224): include('E:\\xampp\\htdocs\\KrushnaDairy\\app\\Views\\view_inventory.php')
 3 SYSTEMPATH\View\View.php(227): CodeIgniter\View\View->CodeIgniter\View\{closure}()
 4 SYSTEMPATH\Common.php(1180): CodeIgniter\View\View->render('view_inventory', [], true)
 5 APPPATH\Controllers\Home.php(47): view('view_inventory', [...])
 6 SYSTEMPATH\CodeIgniter.php(932): App\Controllers\Home->inventory()
 7 SYSTEMPATH\CodeIgniter.php(497): CodeIgniter\CodeIgniter->runController(Object(App\Controllers\Home))
 8 SYSTEMPATH\CodeIgniter.php(366): CodeIgniter\CodeIgniter->handleRequest(null, Object(Config\Cache), false)
 9 FCPATH\index.php(67): CodeIgniter\CodeIgniter->run()
CRITICAL - 2024-03-14 10:06:12 --> Undefined array key "title"
in APPPATH\Views\view_inventory.php on line 153.
 1 APPPATH\Views\view_inventory.php(153): CodeIgniter\Debug\Exceptions->errorHandler(2, 'Undefined array key "title"', 'E:\\xampp\\htdocs\\KrushnaDairy\\app\\Views\\view_inventory.php', 153)
 2 SYSTEMPATH\View\View.php(224): include('E:\\xampp\\htdocs\\KrushnaDairy\\app\\Views\\view_inventory.php')
 3 SYSTEMPATH\View\View.php(227): CodeIgniter\View\View->CodeIgniter\View\{closure}()
 4 SYSTEMPATH\Common.php(1180): CodeIgniter\View\View->render('view_inventory', [], true)
 5 APPPATH\Controllers\Home.php(47): view('view_inventory', [...])
 6 SYSTEMPATH\CodeIgniter.php(932): App\Controllers\Home->inventory()
 7 SYSTEMPATH\CodeIgniter.php(497): CodeIgniter\CodeIgniter->runController(Object(App\Controllers\Home))
 8 SYSTEMPATH\CodeIgniter.php(366): CodeIgniter\CodeIgniter->handleRequest(null, Object(Config\Cache), false)
 9 FCPATH\index.php(67): CodeIgniter\CodeIgniter->run()
CRITICAL - 2024-03-14 10:06:13 --> Undefined array key "title"
in APPPATH\Views\view_inventory.php on line 153.
 1 APPPATH\Views\view_inventory.php(153): CodeIgniter\Debug\Exceptions->errorHandler(2, 'Undefined array key "title"', 'E:\\xampp\\htdocs\\KrushnaDairy\\app\\Views\\view_inventory.php', 153)
 2 SYSTEMPATH\View\View.php(224): include('E:\\xampp\\htdocs\\KrushnaDairy\\app\\Views\\view_inventory.php')
 3 SYSTEMPATH\View\View.php(227): CodeIgniter\View\View->CodeIgniter\View\{closure}()
 4 SYSTEMPATH\Common.php(1180): CodeIgniter\View\View->render('view_inventory', [], true)
 5 APPPATH\Controllers\Home.php(47): view('view_inventory', [...])
 6 SYSTEMPATH\CodeIgniter.php(932): App\Controllers\Home->inventory()
 7 SYSTEMPATH\CodeIgniter.php(497): CodeIgniter\CodeIgniter->runController(Object(App\Controllers\Home))
 8 SYSTEMPATH\CodeIgniter.php(366): CodeIgniter\CodeIgniter->handleRequest(null, Object(Config\Cache), false)
 9 FCPATH\index.php(67): CodeIgniter\CodeIgniter->run()
CRITICAL - 2024-03-14 10:06:14 --> Undefined array key "title"
in APPPATH\Views\view_inventory.php on line 153.
 1 APPPATH\Views\view_inventory.php(153): CodeIgniter\Debug\Exceptions->errorHandler(2, 'Undefined array key "title"', 'E:\\xampp\\htdocs\\KrushnaDairy\\app\\Views\\view_inventory.php', 153)
 2 SYSTEMPATH\View\View.php(224): include('E:\\xampp\\htdocs\\KrushnaDairy\\app\\Views\\view_inventory.php')
 3 SYSTEMPATH\View\View.php(227): CodeIgniter\View\View->CodeIgniter\View\{closure}()
 4 SYSTEMPATH\Common.php(1180): CodeIgniter\View\View->render('view_inventory', [], true)
 5 APPPATH\Controllers\Home.php(47): view('view_inventory', [...])
 6 SYSTEMPATH\CodeIgniter.php(932): App\Controllers\Home->inventory()
 7 SYSTEMPATH\CodeIgniter.php(497): CodeIgniter\CodeIgniter->runController(Object(App\Controllers\Home))
 8 SYSTEMPATH\CodeIgniter.php(366): CodeIgniter\CodeIgniter->handleRequest(null, Object(Config\Cache), false)
 9 FCPATH\index.php(67): CodeIgniter\CodeIgniter->run()
CRITICAL - 2024-03-14 10:06:14 --> Undefined array key "title"
in APPPATH\Views\view_inventory.php on line 153.
 1 APPPATH\Views\view_inventory.php(153): CodeIgniter\Debug\Exceptions->errorHandler(2, 'Undefined array key "title"', 'E:\\xampp\\htdocs\\KrushnaDairy\\app\\Views\\view_inventory.php', 153)
 2 SYSTEMPATH\View\View.php(224): include('E:\\xampp\\htdocs\\KrushnaDairy\\app\\Views\\view_inventory.php')
 3 SYSTEMPATH\View\View.php(227): CodeIgniter\View\View->CodeIgniter\View\{closure}()
 4 SYSTEMPATH\Common.php(1180): CodeIgniter\View\View->render('view_inventory', [], true)
 5 APPPATH\Controllers\Home.php(47): view('view_inventory', [...])
 6 SYSTEMPATH\CodeIgniter.php(932): App\Controllers\Home->inventory()
 7 SYSTEMPATH\CodeIgniter.php(497): CodeIgniter\CodeIgniter->runController(Object(App\Controllers\Home))
 8 SYSTEMPATH\CodeIgniter.php(366): CodeIgniter\CodeIgniter->handleRequest(null, Object(Config\Cache), false)
 9 FCPATH\index.php(67): CodeIgniter\CodeIgniter->run()
CRITICAL - 2024-03-14 10:06:54 --> Undefined array key "title"
in APPPATH\Views\view_inventory.php on line 153.
 1 APPPATH\Views\view_inventory.php(153): CodeIgniter\Debug\Exceptions->errorHandler(2, 'Undefined array key "title"', 'E:\\xampp\\htdocs\\KrushnaDairy\\app\\Views\\view_inventory.php', 153)
 2 SYSTEMPATH\View\View.php(224): include('E:\\xampp\\htdocs\\KrushnaDairy\\app\\Views\\view_inventory.php')
 3 SYSTEMPATH\View\View.php(227): CodeIgniter\View\View->CodeIgniter\View\{closure}()
 4 SYSTEMPATH\Common.php(1180): CodeIgniter\View\View->render('view_inventory', [], true)
 5 APPPATH\Controllers\Home.php(47): view('view_inventory', [...])
 6 SYSTEMPATH\CodeIgniter.php(932): App\Controllers\Home->inventory()
 7 SYSTEMPATH\CodeIgniter.php(497): CodeIgniter\CodeIgniter->runController(Object(App\Controllers\Home))
 8 SYSTEMPATH\CodeIgniter.php(366): CodeIgniter\CodeIgniter->handleRequest(null, Object(Config\Cache), false)
 9 FCPATH\index.php(67): CodeIgniter\CodeIgniter->run()
CRITICAL - 2024-03-14 10:08:27 --> Undefined array key "title"
in APPPATH\Views\view_inventory.php on line 153.
 1 APPPATH\Views\view_inventory.php(153): CodeIgniter\Debug\Exceptions->errorHandler(2, 'Undefined array key "title"', 'E:\\xampp\\htdocs\\KrushnaDairy\\app\\Views\\view_inventory.php', 153)
 2 SYSTEMPATH\View\View.php(224): include('E:\\xampp\\htdocs\\KrushnaDairy\\app\\Views\\view_inventory.php')
 3 SYSTEMPATH\View\View.php(227): CodeIgniter\View\View->CodeIgniter\View\{closure}()
 4 SYSTEMPATH\Common.php(1180): CodeIgniter\View\View->render('view_inventory', [], true)
 5 APPPATH\Controllers\Home.php(47): view('view_inventory', [...])
 6 SYSTEMPATH\CodeIgniter.php(932): App\Controllers\Home->inventory()
 7 SYSTEMPATH\CodeIgniter.php(497): CodeIgniter\CodeIgniter->runController(Object(App\Controllers\Home))
 8 SYSTEMPATH\CodeIgniter.php(366): CodeIgniter\CodeIgniter->handleRequest(null, Object(Config\Cache), false)
 9 FCPATH\index.php(67): CodeIgniter\CodeIgniter->run()
CRITICAL - 2024-03-14 10:08:30 --> Undefined array key "title"
in APPPATH\Views\view_inventory.php on line 153.
 1 APPPATH\Views\view_inventory.php(153): CodeIgniter\Debug\Exceptions->errorHandler(2, 'Undefined array key "title"', 'E:\\xampp\\htdocs\\KrushnaDairy\\app\\Views\\view_inventory.php', 153)
 2 SYSTEMPATH\View\View.php(224): include('E:\\xampp\\htdocs\\KrushnaDairy\\app\\Views\\view_inventory.php')
 3 SYSTEMPATH\View\View.php(227): CodeIgniter\View\View->CodeIgniter\View\{closure}()
 4 SYSTEMPATH\Common.php(1180): CodeIgniter\View\View->render('view_inventory', [], true)
 5 APPPATH\Controllers\Home.php(47): view('view_inventory', [...])
 6 SYSTEMPATH\CodeIgniter.php(932): App\Controllers\Home->inventory()
 7 SYSTEMPATH\CodeIgniter.php(497): CodeIgniter\CodeIgniter->runController(Object(App\Controllers\Home))
 8 SYSTEMPATH\CodeIgniter.php(366): CodeIgniter\CodeIgniter->handleRequest(null, Object(Config\Cache), false)
 9 FCPATH\index.php(67): CodeIgniter\CodeIgniter->run()
CRITICAL - 2024-03-14 10:10:06 --> Undefined array key "title"
in APPPATH\Views\view_inventory.php on line 132.
 1 APPPATH\Views\view_inventory.php(132): CodeIgniter\Debug\Exceptions->errorHandler(2, 'Undefined array key "title"', 'E:\\xampp\\htdocs\\KrushnaDairy\\app\\Views\\view_inventory.php', 132)
 2 SYSTEMPATH\View\View.php(224): include('E:\\xampp\\htdocs\\KrushnaDairy\\app\\Views\\view_inventory.php')
 3 SYSTEMPATH\View\View.php(227): CodeIgniter\View\View->CodeIgniter\View\{closure}()
 4 SYSTEMPATH\Common.php(1180): CodeIgniter\View\View->render('view_inventory', [], true)
 5 APPPATH\Controllers\Home.php(47): view('view_inventory', [...])
 6 SYSTEMPATH\CodeIgniter.php(932): App\Controllers\Home->inventory()
 7 SYSTEMPATH\CodeIgniter.php(497): CodeIgniter\CodeIgniter->runController(Object(App\Controllers\Home))
 8 SYSTEMPATH\CodeIgniter.php(366): CodeIgniter\CodeIgniter->handleRequest(null, Object(Config\Cache), false)
 9 FCPATH\index.php(67): CodeIgniter\CodeIgniter->run()
CRITICAL - 2024-03-14 10:11:51 --> syntax error, unexpected identifier "product", expecting "," or ";"
in APPPATH\Views\view_inventory.php on line 47.
 1 SYSTEMPATH\View\View.php(227): CodeIgniter\View\View->CodeIgniter\View\{closure}()
 2 SYSTEMPATH\Common.php(1180): CodeIgniter\View\View->render('view_inventory', [], true)
 3 APPPATH\Controllers\Home.php(47): view('view_inventory', [...])
 4 SYSTEMPATH\CodeIgniter.php(932): App\Controllers\Home->inventory()
 5 SYSTEMPATH\CodeIgniter.php(497): CodeIgniter\CodeIgniter->runController(Object(App\Controllers\Home))
 6 SYSTEMPATH\CodeIgniter.php(366): CodeIgniter\CodeIgniter->handleRequest(null, Object(Config\Cache), false)
 7 FCPATH\index.php(67): CodeIgniter\CodeIgniter->run()
CRITICAL - 2024-03-14 10:12:45 --> syntax error, unexpected identifier "product", expecting "," or ";"
in APPPATH\Views\view_inventory.php on line 47.
 1 SYSTEMPATH\View\View.php(227): CodeIgniter\View\View->CodeIgniter\View\{closure}()
 2 SYSTEMPATH\Common.php(1180): CodeIgniter\View\View->render('view_inventory', [], true)
 3 APPPATH\Controllers\Home.php(47): view('view_inventory', [...])
 4 SYSTEMPATH\CodeIgniter.php(932): App\Controllers\Home->inventory()
 5 SYSTEMPATH\CodeIgniter.php(497): CodeIgniter\CodeIgniter->runController(Object(App\Controllers\Home))
 6 SYSTEMPATH\CodeIgniter.php(366): CodeIgniter\CodeIgniter->handleRequest(null, Object(Config\Cache), false)
 7 FCPATH\index.php(67): CodeIgniter\CodeIgniter->run()
CRITICAL - 2024-03-14 10:19:39 --> syntax error, unexpected identifier "product", expecting "," or ";"
in APPPATH\Views\view_inventory.php on line 47.
 1 SYSTEMPATH\View\View.php(227): CodeIgniter\View\View->CodeIgniter\View\{closure}()
 2 SYSTEMPATH\Common.php(1180): CodeIgniter\View\View->render('view_inventory', [], true)
 3 APPPATH\Controllers\Home.php(47): view('view_inventory', [...])
 4 SYSTEMPATH\CodeIgniter.php(932): App\Controllers\Home->inventory()
 5 SYSTEMPATH\CodeIgniter.php(497): CodeIgniter\CodeIgniter->runController(Object(App\Controllers\Home))
 6 SYSTEMPATH\CodeIgniter.php(366): CodeIgniter\CodeIgniter->handleRequest(null, Object(Config\Cache), false)
 7 FCPATH\index.php(67): CodeIgniter\CodeIgniter->run()
CRITICAL - 2024-03-14 10:20:04 --> syntax error, unexpected identifier "product", expecting "," or ";"
in APPPATH\Views\view_inventory.php on line 47.
 1 SYSTEMPATH\View\View.php(227): CodeIgniter\View\View->CodeIgniter\View\{closure}()
 2 SYSTEMPATH\Common.php(1180): CodeIgniter\View\View->render('view_inventory', [], true)
 3 APPPATH\Controllers\Home.php(47): view('view_inventory', [...])
 4 SYSTEMPATH\CodeIgniter.php(932): App\Controllers\Home->inventory()
 5 SYSTEMPATH\CodeIgniter.php(497): CodeIgniter\CodeIgniter->runController(Object(App\Controllers\Home))
 6 SYSTEMPATH\CodeIgniter.php(366): CodeIgniter\CodeIgniter->handleRequest(null, Object(Config\Cache), false)
 7 FCPATH\index.php(67): CodeIgniter\CodeIgniter->run()
CRITICAL - 2024-03-14 10:20:05 --> syntax error, unexpected identifier "product", expecting "," or ";"
in APPPATH\Views\view_inventory.php on line 47.
 1 SYSTEMPATH\View\View.php(227): CodeIgniter\View\View->CodeIgniter\View\{closure}()
 2 SYSTEMPATH\Common.php(1180): CodeIgniter\View\View->render('view_inventory', [], true)
 3 APPPATH\Controllers\Home.php(47): view('view_inventory', [...])
 4 SYSTEMPATH\CodeIgniter.php(932): App\Controllers\Home->inventory()
 5 SYSTEMPATH\CodeIgniter.php(497): CodeIgniter\CodeIgniter->runController(Object(App\Controllers\Home))
 6 SYSTEMPATH\CodeIgniter.php(366): CodeIgniter\CodeIgniter->handleRequest(null, Object(Config\Cache), false)
 7 FCPATH\index.php(67): CodeIgniter\CodeIgniter->run()
CRITICAL - 2024-03-14 10:20:05 --> syntax error, unexpected identifier "product", expecting "," or ";"
in APPPATH\Views\view_inventory.php on line 47.
 1 SYSTEMPATH\View\View.php(227): CodeIgniter\View\View->CodeIgniter\View\{closure}()
 2 SYSTEMPATH\Common.php(1180): CodeIgniter\View\View->render('view_inventory', [], true)
 3 APPPATH\Controllers\Home.php(47): view('view_inventory', [...])
 4 SYSTEMPATH\CodeIgniter.php(932): App\Controllers\Home->inventory()
 5 SYSTEMPATH\CodeIgniter.php(497): CodeIgniter\CodeIgniter->runController(Object(App\Controllers\Home))
 6 SYSTEMPATH\CodeIgniter.php(366): CodeIgniter\CodeIgniter->handleRequest(null, Object(Config\Cache), false)
 7 FCPATH\index.php(67): CodeIgniter\CodeIgniter->run()
CRITICAL - 2024-03-14 10:20:07 --> syntax error, unexpected identifier "product", expecting "," or ";"
in APPPATH\Views\view_inventory.php on line 47.
 1 SYSTEMPATH\View\View.php(227): CodeIgniter\View\View->CodeIgniter\View\{closure}()
 2 SYSTEMPATH\Common.php(1180): CodeIgniter\View\View->render('view_inventory', [], true)
 3 APPPATH\Controllers\Home.php(47): view('view_inventory', [...])
 4 SYSTEMPATH\CodeIgniter.php(932): App\Controllers\Home->inventory()
 5 SYSTEMPATH\CodeIgniter.php(497): CodeIgniter\CodeIgniter->runController(Object(App\Controllers\Home))
 6 SYSTEMPATH\CodeIgniter.php(366): CodeIgniter\CodeIgniter->handleRequest(null, Object(Config\Cache), false)
 7 FCPATH\index.php(67): CodeIgniter\CodeIgniter->run()
CRITICAL - 2024-03-14 10:20:45 --> syntax error, unexpected identifier "product", expecting "," or ";"
in APPPATH\Views\view_inventory.php on line 47.
 1 SYSTEMPATH\View\View.php(227): CodeIgniter\View\View->CodeIgniter\View\{closure}()
 2 SYSTEMPATH\Common.php(1180): CodeIgniter\View\View->render('view_inventory', [], true)
 3 APPPATH\Controllers\Home.php(47): view('view_inventory', [...])
 4 SYSTEMPATH\CodeIgniter.php(932): App\Controllers\Home->inventory()
 5 SYSTEMPATH\CodeIgniter.php(497): CodeIgniter\CodeIgniter->runController(Object(App\Controllers\Home))
 6 SYSTEMPATH\CodeIgniter.php(366): CodeIgniter\CodeIgniter->handleRequest(null, Object(Config\Cache), false)
 7 FCPATH\index.php(67): CodeIgniter\CodeIgniter->run()
CRITICAL - 2024-03-14 10:20:49 --> syntax error, unexpected identifier "product", expecting "," or ";"
in APPPATH\Views\view_inventory.php on line 47.
 1 SYSTEMPATH\View\View.php(227): CodeIgniter\View\View->CodeIgniter\View\{closure}()
 2 SYSTEMPATH\Common.php(1180): CodeIgniter\View\View->render('view_inventory', [], true)
 3 APPPATH\Controllers\Home.php(47): view('view_inventory', [...])
 4 SYSTEMPATH\CodeIgniter.php(932): App\Controllers\Home->inventory()
 5 SYSTEMPATH\CodeIgniter.php(497): CodeIgniter\CodeIgniter->runController(Object(App\Controllers\Home))
 6 SYSTEMPATH\CodeIgniter.php(366): CodeIgniter\CodeIgniter->handleRequest(null, Object(Config\Cache), false)
 7 FCPATH\index.php(67): CodeIgniter\CodeIgniter->run()
CRITICAL - 2024-03-14 10:21:31 --> syntax error, unexpected identifier "inventory", expecting "," or ";"
in APPPATH\Views\view_inventory.php on line 47.
 1 SYSTEMPATH\View\View.php(227): CodeIgniter\View\View->CodeIgniter\View\{closure}()
 2 SYSTEMPATH\Common.php(1180): CodeIgniter\View\View->render('view_inventory', [], true)
 3 APPPATH\Controllers\Home.php(47): view('view_inventory', [...])
 4 SYSTEMPATH\CodeIgniter.php(932): App\Controllers\Home->inventory()
 5 SYSTEMPATH\CodeIgniter.php(497): CodeIgniter\CodeIgniter->runController(Object(App\Controllers\Home))
 6 SYSTEMPATH\CodeIgniter.php(366): CodeIgniter\CodeIgniter->handleRequest(null, Object(Config\Cache), false)
 7 FCPATH\index.php(67): CodeIgniter\CodeIgniter->run()
CRITICAL - 2024-03-14 10:21:48 --> syntax error, unexpected identifier "product"
in APPPATH\Views\view_inventory.php on line 57.
 1 SYSTEMPATH\View\View.php(227): CodeIgniter\View\View->CodeIgniter\View\{closure}()
 2 SYSTEMPATH\Common.php(1180): CodeIgniter\View\View->render('view_inventory', [], true)
 3 APPPATH\Controllers\Home.php(47): view('view_inventory', [...])
 4 SYSTEMPATH\CodeIgniter.php(932): App\Controllers\Home->inventory()
 5 SYSTEMPATH\CodeIgniter.php(497): CodeIgniter\CodeIgniter->runController(Object(App\Controllers\Home))
 6 SYSTEMPATH\CodeIgniter.php(366): CodeIgniter\CodeIgniter->handleRequest(null, Object(Config\Cache), false)
 7 FCPATH\index.php(67): CodeIgniter\CodeIgniter->run()
CRITICAL - 2024-03-14 10:21:49 --> syntax error, unexpected identifier "product"
in APPPATH\Views\view_inventory.php on line 57.
 1 SYSTEMPATH\View\View.php(227): CodeIgniter\View\View->CodeIgniter\View\{closure}()
 2 SYSTEMPATH\Common.php(1180): CodeIgniter\View\View->render('view_inventory', [], true)
 3 APPPATH\Controllers\Home.php(47): view('view_inventory', [...])
 4 SYSTEMPATH\CodeIgniter.php(932): App\Controllers\Home->inventory()
 5 SYSTEMPATH\CodeIgniter.php(497): CodeIgniter\CodeIgniter->runController(Object(App\Controllers\Home))
 6 SYSTEMPATH\CodeIgniter.php(366): CodeIgniter\CodeIgniter->handleRequest(null, Object(Config\Cache), false)
 7 FCPATH\index.php(67): CodeIgniter\CodeIgniter->run()
CRITICAL - 2024-03-14 10:21:49 --> syntax error, unexpected identifier "product"
in APPPATH\Views\view_inventory.php on line 57.
 1 SYSTEMPATH\View\View.php(227): CodeIgniter\View\View->CodeIgniter\View\{closure}()
 2 SYSTEMPATH\Common.php(1180): CodeIgniter\View\View->render('view_inventory', [], true)
 3 APPPATH\Controllers\Home.php(47): view('view_inventory', [...])
 4 SYSTEMPATH\CodeIgniter.php(932): App\Controllers\Home->inventory()
 5 SYSTEMPATH\CodeIgniter.php(497): CodeIgniter\CodeIgniter->runController(Object(App\Controllers\Home))
 6 SYSTEMPATH\CodeIgniter.php(366): CodeIgniter\CodeIgniter->handleRequest(null, Object(Config\Cache), false)
 7 FCPATH\index.php(67): CodeIgniter\CodeIgniter->run()
CRITICAL - 2024-03-14 10:22:00 --> syntax error, unexpected identifier "product"
in APPPATH\Views\view_inventory.php on line 57.
 1 SYSTEMPATH\View\View.php(227): CodeIgniter\View\View->CodeIgniter\View\{closure}()
 2 SYSTEMPATH\Common.php(1180): CodeIgniter\View\View->render('view_inventory', [], true)
 3 APPPATH\Controllers\Home.php(47): view('view_inventory', [...])
 4 SYSTEMPATH\CodeIgniter.php(932): App\Controllers\Home->inventory()
 5 SYSTEMPATH\CodeIgniter.php(497): CodeIgniter\CodeIgniter->runController(Object(App\Controllers\Home))
 6 SYSTEMPATH\CodeIgniter.php(366): CodeIgniter\CodeIgniter->handleRequest(null, Object(Config\Cache), false)
 7 FCPATH\index.php(67): CodeIgniter\CodeIgniter->run()
CRITICAL - 2024-03-14 10:22:24 --> Undefined variable $data
in APPPATH\Views\view_inventory.php on line 57.
 1 APPPATH\Views\view_inventory.php(57): CodeIgniter\Debug\Exceptions->errorHandler(2, 'Undefined variable $data', 'E:\\xampp\\htdocs\\KrushnaDairy\\app\\Views\\view_inventory.php', 57)
 2 SYSTEMPATH\View\View.php(224): include('E:\\xampp\\htdocs\\KrushnaDairy\\app\\Views\\view_inventory.php')
 3 SYSTEMPATH\View\View.php(227): CodeIgniter\View\View->CodeIgniter\View\{closure}()
 4 SYSTEMPATH\Common.php(1180): CodeIgniter\View\View->render('view_inventory', [], true)
 5 APPPATH\Controllers\Home.php(47): view('view_inventory', [...])
 6 SYSTEMPATH\CodeIgniter.php(932): App\Controllers\Home->inventory()
 7 SYSTEMPATH\CodeIgniter.php(497): CodeIgniter\CodeIgniter->runController(Object(App\Controllers\Home))
 8 SYSTEMPATH\CodeIgniter.php(366): CodeIgniter\CodeIgniter->handleRequest(null, Object(Config\Cache), false)
 9 FCPATH\index.php(67): CodeIgniter\CodeIgniter->run()
CRITICAL - 2024-03-14 10:24:45 --> Undefined variable $data
in APPPATH\Views\view_inventory.php on line 57.
 1 APPPATH\Views\view_inventory.php(57): CodeIgniter\Debug\Exceptions->errorHandler(2, 'Undefined variable $data', 'E:\\xampp\\htdocs\\KrushnaDairy\\app\\Views\\view_inventory.php', 57)
 2 SYSTEMPATH\View\View.php(224): include('E:\\xampp\\htdocs\\KrushnaDairy\\app\\Views\\view_inventory.php')
 3 SYSTEMPATH\View\View.php(227): CodeIgniter\View\View->CodeIgniter\View\{closure}()
 4 SYSTEMPATH\Common.php(1180): CodeIgniter\View\View->render('view_inventory', [], true)
 5 APPPATH\Controllers\Home.php(47): view('view_inventory', [...])
 6 SYSTEMPATH\CodeIgniter.php(932): App\Controllers\Home->inventory()
 7 SYSTEMPATH\CodeIgniter.php(497): CodeIgniter\CodeIgniter->runController(Object(App\Controllers\Home))
 8 SYSTEMPATH\CodeIgniter.php(366): CodeIgniter\CodeIgniter->handleRequest(null, Object(Config\Cache), false)
 9 FCPATH\index.php(67): CodeIgniter\CodeIgniter->run()
CRITICAL - 2024-03-14 10:26:14 --> Undefined variable $data
in APPPATH\Views\view_inventory.php on line 151.
 1 APPPATH\Views\view_inventory.php(151): CodeIgniter\Debug\Exceptions->errorHandler(2, 'Undefined variable $data', 'E:\\xampp\\htdocs\\KrushnaDairy\\app\\Views\\view_inventory.php', 151)
 2 SYSTEMPATH\View\View.php(224): include('E:\\xampp\\htdocs\\KrushnaDairy\\app\\Views\\view_inventory.php')
 3 SYSTEMPATH\View\View.php(227): CodeIgniter\View\View->CodeIgniter\View\{closure}()
 4 SYSTEMPATH\Common.php(1180): CodeIgniter\View\View->render('view_inventory', [], true)
 5 APPPATH\Controllers\Home.php(47): view('view_inventory', [...])
 6 SYSTEMPATH\CodeIgniter.php(932): App\Controllers\Home->inventory()
 7 SYSTEMPATH\CodeIgniter.php(497): CodeIgniter\CodeIgniter->runController(Object(App\Controllers\Home))
 8 SYSTEMPATH\CodeIgniter.php(366): CodeIgniter\CodeIgniter->handleRequest(null, Object(Config\Cache), false)
 9 FCPATH\index.php(67): CodeIgniter\CodeIgniter->run()
CRITICAL - 2024-03-14 10:26:52 --> Undefined variable $data
in APPPATH\Views\view_inventory.php on line 151.
 1 APPPATH\Views\view_inventory.php(151): CodeIgniter\Debug\Exceptions->errorHandler(2, 'Undefined variable $data', 'E:\\xampp\\htdocs\\KrushnaDairy\\app\\Views\\view_inventory.php', 151)
 2 SYSTEMPATH\View\View.php(224): include('E:\\xampp\\htdocs\\KrushnaDairy\\app\\Views\\view_inventory.php')
 3 SYSTEMPATH\View\View.php(227): CodeIgniter\View\View->CodeIgniter\View\{closure}()
 4 SYSTEMPATH\Common.php(1180): CodeIgniter\View\View->render('view_inventory', [], true)
 5 APPPATH\Controllers\Home.php(47): view('view_inventory', [...])
 6 SYSTEMPATH\CodeIgniter.php(932): App\Controllers\Home->inventory()
 7 SYSTEMPATH\CodeIgniter.php(497): CodeIgniter\CodeIgniter->runController(Object(App\Controllers\Home))
 8 SYSTEMPATH\CodeIgniter.php(366): CodeIgniter\CodeIgniter->handleRequest(null, Object(Config\Cache), false)
 9 FCPATH\index.php(67): CodeIgniter\CodeIgniter->run()
CRITICAL - 2024-03-14 10:27:01 --> Undefined variable $data
in APPPATH\Views\view_inventory.php on line 151.
 1 APPPATH\Views\view_inventory.php(151): CodeIgniter\Debug\Exceptions->errorHandler(2, 'Undefined variable $data', 'E:\\xampp\\htdocs\\KrushnaDairy\\app\\Views\\view_inventory.php', 151)
 2 SYSTEMPATH\View\View.php(224): include('E:\\xampp\\htdocs\\KrushnaDairy\\app\\Views\\view_inventory.php')
 3 SYSTEMPATH\View\View.php(227): CodeIgniter\View\View->CodeIgniter\View\{closure}()
 4 SYSTEMPATH\Common.php(1180): CodeIgniter\View\View->render('view_inventory', [], true)
 5 APPPATH\Controllers\Home.php(47): view('view_inventory')
 6 SYSTEMPATH\CodeIgniter.php(932): App\Controllers\Home->inventory()
 7 SYSTEMPATH\CodeIgniter.php(497): CodeIgniter\CodeIgniter->runController(Object(App\Controllers\Home))
 8 SYSTEMPATH\CodeIgniter.php(366): CodeIgniter\CodeIgniter->handleRequest(null, Object(Config\Cache), false)
 9 FCPATH\index.php(67): CodeIgniter\CodeIgniter->run()
CRITICAL - 2024-03-14 10:27:01 --> Undefined variable $data
in APPPATH\Views\view_inventory.php on line 151.
 1 APPPATH\Views\view_inventory.php(151): CodeIgniter\Debug\Exceptions->errorHandler(2, 'Undefined variable $data', 'E:\\xampp\\htdocs\\KrushnaDairy\\app\\Views\\view_inventory.php', 151)
 2 SYSTEMPATH\View\View.php(224): include('E:\\xampp\\htdocs\\KrushnaDairy\\app\\Views\\view_inventory.php')
 3 SYSTEMPATH\View\View.php(227): CodeIgniter\View\View->CodeIgniter\View\{closure}()
 4 SYSTEMPATH\Common.php(1180): CodeIgniter\View\View->render('view_inventory', [], true)
 5 APPPATH\Controllers\Home.php(47): view('view_inventory')
 6 SYSTEMPATH\CodeIgniter.php(932): App\Controllers\Home->inventory()
 7 SYSTEMPATH\CodeIgniter.php(497): CodeIgniter\CodeIgniter->runController(Object(App\Controllers\Home))
 8 SYSTEMPATH\CodeIgniter.php(366): CodeIgniter\CodeIgniter->handleRequest(null, Object(Config\Cache), false)
 9 FCPATH\index.php(67): CodeIgniter\CodeIgniter->run()
CRITICAL - 2024-03-14 10:27:02 --> Undefined variable $data
in APPPATH\Views\view_inventory.php on line 151.
 1 APPPATH\Views\view_inventory.php(151): CodeIgniter\Debug\Exceptions->errorHandler(2, 'Undefined variable $data', 'E:\\xampp\\htdocs\\KrushnaDairy\\app\\Views\\view_inventory.php', 151)
 2 SYSTEMPATH\View\View.php(224): include('E:\\xampp\\htdocs\\KrushnaDairy\\app\\Views\\view_inventory.php')
 3 SYSTEMPATH\View\View.php(227): CodeIgniter\View\View->CodeIgniter\View\{closure}()
 4 SYSTEMPATH\Common.php(1180): CodeIgniter\View\View->render('view_inventory', [], true)
 5 APPPATH\Controllers\Home.php(47): view('view_inventory')
 6 SYSTEMPATH\CodeIgniter.php(932): App\Controllers\Home->inventory()
 7 SYSTEMPATH\CodeIgniter.php(497): CodeIgniter\CodeIgniter->runController(Object(App\Controllers\Home))
 8 SYSTEMPATH\CodeIgniter.php(366): CodeIgniter\CodeIgniter->handleRequest(null, Object(Config\Cache), false)
 9 FCPATH\index.php(67): CodeIgniter\CodeIgniter->run()
CRITICAL - 2024-03-14 10:27:05 --> Undefined variable $data
in APPPATH\Views\view_inventory.php on line 151.
 1 APPPATH\Views\view_inventory.php(151): CodeIgniter\Debug\Exceptions->errorHandler(2, 'Undefined variable $data', 'E:\\xampp\\htdocs\\KrushnaDairy\\app\\Views\\view_inventory.php', 151)
 2 SYSTEMPATH\View\View.php(224): include('E:\\xampp\\htdocs\\KrushnaDairy\\app\\Views\\view_inventory.php')
 3 SYSTEMPATH\View\View.php(227): CodeIgniter\View\View->CodeIgniter\View\{closure}()
 4 SYSTEMPATH\Common.php(1180): CodeIgniter\View\View->render('view_inventory', [], true)
 5 APPPATH\Controllers\Home.php(47): view('view_inventory')
 6 SYSTEMPATH\CodeIgniter.php(932): App\Controllers\Home->inventory()
 7 SYSTEMPATH\CodeIgniter.php(497): CodeIgniter\CodeIgniter->runController(Object(App\Controllers\Home))
 8 SYSTEMPATH\CodeIgniter.php(366): CodeIgniter\CodeIgniter->handleRequest(null, Object(Config\Cache), false)
 9 FCPATH\index.php(67): CodeIgniter\CodeIgniter->run()
INFO - 2024-03-14 10:28:41 --> Session: Class initialized using 'CodeIgniter\Session\Handlers\FileHandler' driver.
CRITICAL - 2024-03-14 10:28:41 --> Undefined array key "title"
in APPPATH\Views\view_inventory.php on line 153.
 1 APPPATH\Views\view_inventory.php(153): CodeIgniter\Debug\Exceptions->errorHandler(2, 'Undefined array key "title"', 'E:\\xampp\\htdocs\\KrushnaDairy\\app\\Views\\view_inventory.php', 153)
 2 SYSTEMPATH\View\View.php(224): include('E:\\xampp\\htdocs\\KrushnaDairy\\app\\Views\\view_inventory.php')
 3 SYSTEMPATH\View\View.php(227): CodeIgniter\View\View->CodeIgniter\View\{closure}()
 4 SYSTEMPATH\Common.php(1180): CodeIgniter\View\View->render('view_inventory', [], true)
 5 APPPATH\Controllers\Home.php(47): view('view_inventory', [...])
 6 SYSTEMPATH\CodeIgniter.php(932): App\Controllers\Home->inventory()
 7 SYSTEMPATH\CodeIgniter.php(497): CodeIgniter\CodeIgniter->runController(Object(App\Controllers\Home))
 8 SYSTEMPATH\CodeIgniter.php(366): CodeIgniter\CodeIgniter->handleRequest(null, Object(Config\Cache), false)
 9 FCPATH\index.php(67): CodeIgniter\CodeIgniter->run()
INFO - 2024-03-14 10:29:15 --> Session: Class initialized using 'CodeIgniter\Session\Handlers\FileHandler' driver.
CRITICAL - 2024-03-14 10:29:15 --> Undefined array key "title"
in APPPATH\Views\view_inventory.php on line 153.
 1 APPPATH\Views\view_inventory.php(153): CodeIgniter\Debug\Exceptions->errorHandler(2, 'Undefined array key "title"', 'E:\\xampp\\htdocs\\KrushnaDairy\\app\\Views\\view_inventory.php', 153)
 2 SYSTEMPATH\View\View.php(224): include('E:\\xampp\\htdocs\\KrushnaDairy\\app\\Views\\view_inventory.php')
 3 SYSTEMPATH\View\View.php(227): CodeIgniter\View\View->CodeIgniter\View\{closure}()
 4 SYSTEMPATH\Common.php(1180): CodeIgniter\View\View->render('view_inventory', [], true)
 5 APPPATH\Controllers\Home.php(47): view('view_inventory', [...])
 6 SYSTEMPATH\CodeIgniter.php(932): App\Controllers\Home->inventory()
 7 SYSTEMPATH\CodeIgniter.php(497): CodeIgniter\CodeIgniter->runController(Object(App\Controllers\Home))
 8 SYSTEMPATH\CodeIgniter.php(366): CodeIgniter\CodeIgniter->handleRequest(null, Object(Config\Cache), false)
 9 FCPATH\index.php(67): CodeIgniter\CodeIgniter->run()
INFO - 2024-03-14 10:29:16 --> Session: Class initialized using 'CodeIgniter\Session\Handlers\FileHandler' driver.
INFO - 2024-03-14 10:29:18 --> Session: Class initialized using 'CodeIgniter\Session\Handlers\FileHandler' driver.
INFO - 2024-03-14 10:29:19 --> Session: Class initialized using 'CodeIgniter\Session\Handlers\FileHandler' driver.
CRITICAL - 2024-03-14 10:29:19 --> Undefined array key "title"
in APPPATH\Views\view_inventory.php on line 153.
 1 APPPATH\Views\view_inventory.php(153): CodeIgniter\Debug\Exceptions->errorHandler(2, 'Undefined array key "title"', 'E:\\xampp\\htdocs\\KrushnaDairy\\app\\Views\\view_inventory.php', 153)
 2 SYSTEMPATH\View\View.php(224): include('E:\\xampp\\htdocs\\KrushnaDairy\\app\\Views\\view_inventory.php')
 3 SYSTEMPATH\View\View.php(227): CodeIgniter\View\View->CodeIgniter\View\{closure}()
 4 SYSTEMPATH\Common.php(1180): CodeIgniter\View\View->render('view_inventory', [], true)
 5 APPPATH\Controllers\Home.php(47): view('view_inventory', [...])
 6 SYSTEMPATH\CodeIgniter.php(932): App\Controllers\Home->inventory()
 7 SYSTEMPATH\CodeIgniter.php(497): CodeIgniter\CodeIgniter->runController(Object(App\Controllers\Home))
 8 SYSTEMPATH\CodeIgniter.php(366): CodeIgniter\CodeIgniter->handleRequest(null, Object(Config\Cache), false)
 9 FCPATH\index.php(67): CodeIgniter\CodeIgniter->run()
INFO - 2024-03-14 10:29:21 --> Session: Class initialized using 'CodeIgniter\Session\Handlers\FileHandler' driver.
INFO - 2024-03-14 10:29:23 --> Session: Class initialized using 'CodeIgniter\Session\Handlers\FileHandler' driver.
CRITICAL - 2024-03-14 10:29:23 --> Undefined array key "title"
in APPPATH\Views\view_inventory.php on line 153.
 1 APPPATH\Views\view_inventory.php(153): CodeIgniter\Debug\Exceptions->errorHandler(2, 'Undefined array key "title"', 'E:\\xampp\\htdocs\\KrushnaDairy\\app\\Views\\view_inventory.php', 153)
 2 SYSTEMPATH\View\View.php(224): include('E:\\xampp\\htdocs\\KrushnaDairy\\app\\Views\\view_inventory.php')
 3 SYSTEMPATH\View\View.php(227): CodeIgniter\View\View->CodeIgniter\View\{closure}()
 4 SYSTEMPATH\Common.php(1180): CodeIgniter\View\View->render('view_inventory', [], true)
 5 APPPATH\Controllers\Home.php(47): view('view_inventory', [...])
 6 SYSTEMPATH\CodeIgniter.php(932): App\Controllers\Home->inventory()
 7 SYSTEMPATH\CodeIgniter.php(497): CodeIgniter\CodeIgniter->runController(Object(App\Controllers\Home))
 8 SYSTEMPATH\CodeIgniter.php(366): CodeIgniter\CodeIgniter->handleRequest(null, Object(Config\Cache), false)
 9 FCPATH\index.php(67): CodeIgniter\CodeIgniter->run()
INFO - 2024-03-14 10:30:23 --> Session: Class initialized using 'CodeIgniter\Session\Handlers\FileHandler' driver.
INFO - 2024-03-14 10:30:39 --> Session: Class initialized using 'CodeIgniter\Session\Handlers\FileHandler' driver.
INFO - 2024-03-14 10:33:51 --> Session: Class initialized using 'CodeIgniter\Session\Handlers\FileHandler' driver.
CRITICAL - 2024-03-14 10:33:51 --> Undefined array key "title"
in APPPATH\Views\view_inventory.php on line 153.
 1 APPPATH\Views\view_inventory.php(153): CodeIgniter\Debug\Exceptions->errorHandler(2, 'Undefined array key "title"', 'E:\\xampp\\htdocs\\KrushnaDairy\\app\\Views\\view_inventory.php', 153)
 2 SYSTEMPATH\View\View.php(224): include('E:\\xampp\\htdocs\\KrushnaDairy\\app\\Views\\view_inventory.php')
 3 SYSTEMPATH\View\View.php(227): CodeIgniter\View\View->CodeIgniter\View\{closure}()
 4 SYSTEMPATH\Common.php(1180): CodeIgniter\View\View->render('view_inventory', [], true)
 5 APPPATH\Controllers\Home.php(47): view('view_inventory', [...])
 6 SYSTEMPATH\CodeIgniter.php(932): App\Controllers\Home->inventory()
 7 SYSTEMPATH\CodeIgniter.php(497): CodeIgniter\CodeIgniter->runController(Object(App\Controllers\Home))
 8 SYSTEMPATH\CodeIgniter.php(366): CodeIgniter\CodeIgniter->handleRequest(null, Object(Config\Cache), false)
 9 FCPATH\index.php(67): CodeIgniter\CodeIgniter->run()
INFO - 2024-03-14 10:36:14 --> Session: Class initialized using 'CodeIgniter\Session\Handlers\FileHandler' driver.
CRITICAL - 2024-03-14 10:36:14 --> Undefined variable $data
in APPPATH\Views\view_inventory.php on line 151.
 1 APPPATH\Views\view_inventory.php(151): CodeIgniter\Debug\Exceptions->errorHandler(2, 'Undefined variable $data', 'E:\\xampp\\htdocs\\KrushnaDairy\\app\\Views\\view_inventory.php', 151)
 2 SYSTEMPATH\View\View.php(224): include('E:\\xampp\\htdocs\\KrushnaDairy\\app\\Views\\view_inventory.php')
 3 SYSTEMPATH\View\View.php(227): CodeIgniter\View\View->CodeIgniter\View\{closure}()
 4 SYSTEMPATH\Common.php(1180): CodeIgniter\View\View->render('view_inventory', [], true)
 5 APPPATH\Controllers\Home.php(47): view('view_inventory', [...])
 6 SYSTEMPATH\CodeIgniter.php(932): App\Controllers\Home->inventory()
 7 SYSTEMPATH\CodeIgniter.php(497): CodeIgniter\CodeIgniter->runController(Object(App\Controllers\Home))
 8 SYSTEMPATH\CodeIgniter.php(366): CodeIgniter\CodeIgniter->handleRequest(null, Object(Config\Cache), false)
 9 FCPATH\index.php(67): CodeIgniter\CodeIgniter->run()
INFO - 2024-03-14 10:36:50 --> Session: Class initialized using 'CodeIgniter\Session\Handlers\FileHandler' driver.
INFO - 2024-03-14 10:38:41 --> Session: Class initialized using 'CodeIgniter\Session\Handlers\FileHandler' driver.
CRITICAL - 2024-03-14 10:38:41 --> Undefined array key "title"
in APPPATH\Views\view_inventory.php on line 153.
 1 APPPATH\Views\view_inventory.php(153): CodeIgniter\Debug\Exceptions->errorHandler(2, 'Undefined array key "title"', 'E:\\xampp\\htdocs\\KrushnaDairy\\app\\Views\\view_inventory.php', 153)
 2 SYSTEMPATH\View\View.php(224): include('E:\\xampp\\htdocs\\KrushnaDairy\\app\\Views\\view_inventory.php')
 3 SYSTEMPATH\View\View.php(227): CodeIgniter\View\View->CodeIgniter\View\{closure}()
 4 SYSTEMPATH\Common.php(1180): CodeIgniter\View\View->render('view_inventory', [], true)
 5 APPPATH\Controllers\Home.php(46): view('view_inventory', [...])
 6 SYSTEMPATH\CodeIgniter.php(932): App\Controllers\Home->inventory()
 7 SYSTEMPATH\CodeIgniter.php(497): CodeIgniter\CodeIgniter->runController(Object(App\Controllers\Home))
 8 SYSTEMPATH\CodeIgniter.php(366): CodeIgniter\CodeIgniter->handleRequest(null, Object(Config\Cache), false)
 9 FCPATH\index.php(67): CodeIgniter\CodeIgniter->run()
INFO - 2024-03-14 10:39:15 --> Session: Class initialized using 'CodeIgniter\Session\Handlers\FileHandler' driver.
CRITICAL - 2024-03-14 10:39:15 --> Undefined array key "title"
in APPPATH\Views\view_inventory.php on line 153.
 1 APPPATH\Views\view_inventory.php(153): CodeIgniter\Debug\Exceptions->errorHandler(2, 'Undefined array key "title"', 'E:\\xampp\\htdocs\\KrushnaDairy\\app\\Views\\view_inventory.php', 153)
 2 SYSTEMPATH\View\View.php(224): include('E:\\xampp\\htdocs\\KrushnaDairy\\app\\Views\\view_inventory.php')
 3 SYSTEMPATH\View\View.php(227): CodeIgniter\View\View->CodeIgniter\View\{closure}()
 4 SYSTEMPATH\Common.php(1180): CodeIgniter\View\View->render('view_inventory', [], true)
 5 APPPATH\Controllers\Home.php(46): view('view_inventory', [...])
 6 SYSTEMPATH\CodeIgniter.php(932): App\Controllers\Home->inventory()
 7 SYSTEMPATH\CodeIgniter.php(497): CodeIgniter\CodeIgniter->runController(Object(App\Controllers\Home))
 8 SYSTEMPATH\CodeIgniter.php(366): CodeIgniter\CodeIgniter->handleRequest(null, Object(Config\Cache), false)
 9 FCPATH\index.php(67): CodeIgniter\CodeIgniter->run()
INFO - 2024-03-14 10:39:41 --> Session: Class initialized using 'CodeIgniter\Session\Handlers\FileHandler' driver.
INFO - 2024-03-14 10:42:16 --> Session: Class initialized using 'CodeIgniter\Session\Handlers\FileHandler' driver.
INFO - 2024-03-14 10:43:02 --> Session: Class initialized using 'CodeIgniter\Session\Handlers\FileHandler' driver.
INFO - 2024-03-14 10:43:26 --> Session: Class initialized using 'CodeIgniter\Session\Handlers\FileHandler' driver.
INFO - 2024-03-14 10:43:44 --> Session: Class initialized using 'CodeIgniter\Session\Handlers\FileHandler' driver.
INFO - 2024-03-14 10:45:06 --> Session: Class initialized using 'CodeIgniter\Session\Handlers\FileHandler' driver.
CRITICAL - 2024-03-14 10:45:06 --> Undefined array key "title"
in APPPATH\Views\view_inventory.php on line 57.
 1 APPPATH\Views\view_inventory.php(57): CodeIgniter\Debug\Exceptions->errorHandler(2, 'Undefined array key "title"', 'E:\\xampp\\htdocs\\KrushnaDairy\\app\\Views\\view_inventory.php', 57)
 2 SYSTEMPATH\View\View.php(224): include('E:\\xampp\\htdocs\\KrushnaDairy\\app\\Views\\view_inventory.php')
 3 SYSTEMPATH\View\View.php(227): CodeIgniter\View\View->CodeIgniter\View\{closure}()
 4 SYSTEMPATH\Common.php(1180): CodeIgniter\View\View->render('view_inventory', [], true)
 5 APPPATH\Controllers\Home.php(46): view('view_inventory', [...])
 6 SYSTEMPATH\CodeIgniter.php(932): App\Controllers\Home->inventory()
 7 SYSTEMPATH\CodeIgniter.php(497): CodeIgniter\CodeIgniter->runController(Object(App\Controllers\Home))
 8 SYSTEMPATH\CodeIgniter.php(366): CodeIgniter\CodeIgniter->handleRequest(null, Object(Config\Cache), false)
 9 FCPATH\index.php(67): CodeIgniter\CodeIgniter->run()
CRITICAL - 2024-03-14 10:46:44 --> Call to undefined method App\Models\InventoryModel::getproduct
in SYSTEMPATH\Model.php on line 838.
 1 APPPATH\Controllers\Home.php(43): CodeIgniter\Model->__call('getproduct', [])
 2 SYSTEMPATH\CodeIgniter.php(932): App\Controllers\Home->inventory()
 3 SYSTEMPATH\CodeIgniter.php(497): CodeIgniter\CodeIgniter->runController(Object(App\Controllers\Home))
 4 SYSTEMPATH\CodeIgniter.php(366): CodeIgniter\CodeIgniter->handleRequest(null, Object(Config\Cache), false)
 5 FCPATH\index.php(67): CodeIgniter\CodeIgniter->run()
CRITICAL - 2024-03-14 10:47:05 --> Call to undefined method App\Models\InventoryModel::getproduct
in SYSTEMPATH\Model.php on line 838.
 1 APPPATH\Controllers\Home.php(43): CodeIgniter\Model->__call('getproduct', [])
 2 SYSTEMPATH\CodeIgniter.php(932): App\Controllers\Home->inventory()
 3 SYSTEMPATH\CodeIgniter.php(497): CodeIgniter\CodeIgniter->runController(Object(App\Controllers\Home))
 4 SYSTEMPATH\CodeIgniter.php(366): CodeIgniter\CodeIgniter->handleRequest(null, Object(Config\Cache), false)
 5 FCPATH\index.php(67): CodeIgniter\CodeIgniter->run()
CRITICAL - 2024-03-14 10:47:35 --> Call to undefined method App\Models\ProductModel::getInventoryData
in SYSTEMPATH\Model.php on line 838.
 1 APPPATH\Controllers\Home.php(43): CodeIgniter\Model->__call('getInventoryData', [])
 2 SYSTEMPATH\CodeIgniter.php(932): App\Controllers\Home->inventory()
 3 SYSTEMPATH\CodeIgniter.php(497): CodeIgniter\CodeIgniter->runController(Object(App\Controllers\Home))
 4 SYSTEMPATH\CodeIgniter.php(366): CodeIgniter\CodeIgniter->handleRequest(null, Object(Config\Cache), false)
 5 FCPATH\index.php(67): CodeIgniter\CodeIgniter->run()
CRITICAL - 2024-03-14 10:47:36 --> Call to undefined method App\Models\ProductModel::getInventoryData
in SYSTEMPATH\Model.php on line 838.
 1 APPPATH\Controllers\Home.php(43): CodeIgniter\Model->__call('getInventoryData', [])
 2 SYSTEMPATH\CodeIgniter.php(932): App\Controllers\Home->inventory()
 3 SYSTEMPATH\CodeIgniter.php(497): CodeIgniter\CodeIgniter->runController(Object(App\Controllers\Home))
 4 SYSTEMPATH\CodeIgniter.php(366): CodeIgniter\CodeIgniter->handleRequest(null, Object(Config\Cache), false)
 5 FCPATH\index.php(67): CodeIgniter\CodeIgniter->run()
INFO - 2024-03-14 10:48:26 --> Session: Class initialized using 'CodeIgniter\Session\Handlers\FileHandler' driver.
CRITICAL - 2024-03-14 10:48:26 --> Undefined array key "title"
in APPPATH\Views\view_inventory.php on line 57.
 1 APPPATH\Views\view_inventory.php(57): CodeIgniter\Debug\Exceptions->errorHandler(2, 'Undefined array key "title"', 'E:\\xampp\\htdocs\\KrushnaDairy\\app\\Views\\view_inventory.php', 57)
 2 SYSTEMPATH\View\View.php(224): include('E:\\xampp\\htdocs\\KrushnaDairy\\app\\Views\\view_inventory.php')
 3 SYSTEMPATH\View\View.php(227): CodeIgniter\View\View->CodeIgniter\View\{closure}()
 4 SYSTEMPATH\Common.php(1180): CodeIgniter\View\View->render('view_inventory', [], true)
 5 APPPATH\Controllers\Home.php(47): view('view_inventory', [...])
 6 SYSTEMPATH\CodeIgniter.php(932): App\Controllers\Home->inventory()
 7 SYSTEMPATH\CodeIgniter.php(497): CodeIgniter\CodeIgniter->runController(Object(App\Controllers\Home))
 8 SYSTEMPATH\CodeIgniter.php(366): CodeIgniter\CodeIgniter->handleRequest(null, Object(Config\Cache), false)
 9 FCPATH\index.php(67): CodeIgniter\CodeIgniter->run()
INFO - 2024-03-14 10:48:49 --> Session: Class initialized using 'CodeIgniter\Session\Handlers\FileHandler' driver.
CRITICAL - 2024-03-14 10:48:49 --> Undefined array key "title"
in APPPATH\Views\view_inventory.php on line 57.
 1 APPPATH\Views\view_inventory.php(57): CodeIgniter\Debug\Exceptions->errorHandler(2, 'Undefined array key "title"', 'E:\\xampp\\htdocs\\KrushnaDairy\\app\\Views\\view_inventory.php', 57)
 2 SYSTEMPATH\View\View.php(224): include('E:\\xampp\\htdocs\\KrushnaDairy\\app\\Views\\view_inventory.php')
 3 SYSTEMPATH\View\View.php(227): CodeIgniter\View\View->CodeIgniter\View\{closure}()
 4 SYSTEMPATH\Common.php(1180): CodeIgniter\View\View->render('view_inventory', [], true)
 5 APPPATH\Controllers\Home.php(47): view('view_inventory', [...])
 6 SYSTEMPATH\CodeIgniter.php(932): App\Controllers\Home->inventory()
 7 SYSTEMPATH\CodeIgniter.php(497): CodeIgniter\CodeIgniter->runController(Object(App\Controllers\Home))
 8 SYSTEMPATH\CodeIgniter.php(366): CodeIgniter\CodeIgniter->handleRequest(null, Object(Config\Cache), false)
 9 FCPATH\index.php(67): CodeIgniter\CodeIgniter->run()
INFO - 2024-03-14 10:49:24 --> Session: Class initialized using 'CodeIgniter\Session\Handlers\FileHandler' driver.
CRITICAL - 2024-03-14 10:49:24 --> Undefined array key "title"
in APPPATH\Views\view_inventory.php on line 57.
 1 APPPATH\Views\view_inventory.php(57): CodeIgniter\Debug\Exceptions->errorHandler(2, 'Undefined array key "title"', 'E:\\xampp\\htdocs\\KrushnaDairy\\app\\Views\\view_inventory.php', 57)
 2 SYSTEMPATH\View\View.php(224): include('E:\\xampp\\htdocs\\KrushnaDairy\\app\\Views\\view_inventory.php')
 3 SYSTEMPATH\View\View.php(227): CodeIgniter\View\View->CodeIgniter\View\{closure}()
 4 SYSTEMPATH\Common.php(1180): CodeIgniter\View\View->render('view_inventory', [], true)
 5 APPPATH\Controllers\Home.php(47): view('view_inventory', [...])
 6 SYSTEMPATH\CodeIgniter.php(932): App\Controllers\Home->inventory()
 7 SYSTEMPATH\CodeIgniter.php(497): CodeIgniter\CodeIgniter->runController(Object(App\Controllers\Home))
 8 SYSTEMPATH\CodeIgniter.php(366): CodeIgniter\CodeIgniter->handleRequest(null, Object(Config\Cache), false)
 9 FCPATH\index.php(67): CodeIgniter\CodeIgniter->run()
INFO - 2024-03-14 10:50:12 --> Session: Class initialized using 'CodeIgniter\Session\Handlers\FileHandler' driver.
CRITICAL - 2024-03-14 10:50:12 --> Undefined array key "title"
in APPPATH\Views\view_inventory.php on line 57.
 1 APPPATH\Views\view_inventory.php(57): CodeIgniter\Debug\Exceptions->errorHandler(2, 'Undefined array key "title"', 'E:\\xampp\\htdocs\\KrushnaDairy\\app\\Views\\view_inventory.php', 57)
 2 SYSTEMPATH\View\View.php(224): include('E:\\xampp\\htdocs\\KrushnaDairy\\app\\Views\\view_inventory.php')
 3 SYSTEMPATH\View\View.php(227): CodeIgniter\View\View->CodeIgniter\View\{closure}()
 4 SYSTEMPATH\Common.php(1180): CodeIgniter\View\View->render('view_inventory', [], true)
 5 APPPATH\Controllers\Home.php(47): view('view_inventory', [...])
 6 SYSTEMPATH\CodeIgniter.php(932): App\Controllers\Home->inventory()
 7 SYSTEMPATH\CodeIgniter.php(497): CodeIgniter\CodeIgniter->runController(Object(App\Controllers\Home))
 8 SYSTEMPATH\CodeIgniter.php(366): CodeIgniter\CodeIgniter->handleRequest(null, Object(Config\Cache), false)
 9 FCPATH\index.php(67): CodeIgniter\CodeIgniter->run()
INFO - 2024-03-14 10:50:34 --> Session: Class initialized using 'CodeIgniter\Session\Handlers\FileHandler' driver.
CRITICAL - 2024-03-14 10:50:34 --> Undefined array key "unit"
in APPPATH\Views\view_inventory.php on line 157.
 1 APPPATH\Views\view_inventory.php(157): CodeIgniter\Debug\Exceptions->errorHandler(2, 'Undefined array key "unit"', 'E:\\xampp\\htdocs\\KrushnaDairy\\app\\Views\\view_inventory.php', 157)
 2 SYSTEMPATH\View\View.php(224): include('E:\\xampp\\htdocs\\KrushnaDairy\\app\\Views\\view_inventory.php')
 3 SYSTEMPATH\View\View.php(227): CodeIgniter\View\View->CodeIgniter\View\{closure}()
 4 SYSTEMPATH\Common.php(1180): CodeIgniter\View\View->render('view_inventory', [], true)
 5 APPPATH\Controllers\Home.php(47): view('view_inventory', [...])
 6 SYSTEMPATH\CodeIgniter.php(932): App\Controllers\Home->inventory()
 7 SYSTEMPATH\CodeIgniter.php(497): CodeIgniter\CodeIgniter->runController(Object(App\Controllers\Home))
 8 SYSTEMPATH\CodeIgniter.php(366): CodeIgniter\CodeIgniter->handleRequest(null, Object(Config\Cache), false)
 9 FCPATH\index.php(67): CodeIgniter\CodeIgniter->run()
INFO - 2024-03-14 10:50:35 --> Session: Class initialized using 'CodeIgniter\Session\Handlers\FileHandler' driver.
CRITICAL - 2024-03-14 10:50:35 --> Undefined array key "unit"
in APPPATH\Views\view_inventory.php on line 157.
 1 APPPATH\Views\view_inventory.php(157): CodeIgniter\Debug\Exceptions->errorHandler(2, 'Undefined array key "unit"', 'E:\\xampp\\htdocs\\KrushnaDairy\\app\\Views\\view_inventory.php', 157)
 2 SYSTEMPATH\View\View.php(224): include('E:\\xampp\\htdocs\\KrushnaDairy\\app\\Views\\view_inventory.php')
 3 SYSTEMPATH\View\View.php(227): CodeIgniter\View\View->CodeIgniter\View\{closure}()
 4 SYSTEMPATH\Common.php(1180): CodeIgniter\View\View->render('view_inventory', [], true)
 5 APPPATH\Controllers\Home.php(47): view('view_inventory', [...])
 6 SYSTEMPATH\CodeIgniter.php(932): App\Controllers\Home->inventory()
 7 SYSTEMPATH\CodeIgniter.php(497): CodeIgniter\CodeIgniter->runController(Object(App\Controllers\Home))
 8 SYSTEMPATH\CodeIgniter.php(366): CodeIgniter\CodeIgniter->handleRequest(null, Object(Config\Cache), false)
 9 FCPATH\index.php(67): CodeIgniter\CodeIgniter->run()
INFO - 2024-03-14 10:50:35 --> Session: Class initialized using 'CodeIgniter\Session\Handlers\FileHandler' driver.
CRITICAL - 2024-03-14 10:50:35 --> Undefined array key "unit"
in APPPATH\Views\view_inventory.php on line 157.
 1 APPPATH\Views\view_inventory.php(157): CodeIgniter\Debug\Exceptions->errorHandler(2, 'Undefined array key "unit"', 'E:\\xampp\\htdocs\\KrushnaDairy\\app\\Views\\view_inventory.php', 157)
 2 SYSTEMPATH\View\View.php(224): include('E:\\xampp\\htdocs\\KrushnaDairy\\app\\Views\\view_inventory.php')
 3 SYSTEMPATH\View\View.php(227): CodeIgniter\View\View->CodeIgniter\View\{closure}()
 4 SYSTEMPATH\Common.php(1180): CodeIgniter\View\View->render('view_inventory', [], true)
 5 APPPATH\Controllers\Home.php(47): view('view_inventory', [...])
 6 SYSTEMPATH\CodeIgniter.php(932): App\Controllers\Home->inventory()
 7 SYSTEMPATH\CodeIgniter.php(497): CodeIgniter\CodeIgniter->runController(Object(App\Controllers\Home))
 8 SYSTEMPATH\CodeIgniter.php(366): CodeIgniter\CodeIgniter->handleRequest(null, Object(Config\Cache), false)
 9 FCPATH\index.php(67): CodeIgniter\CodeIgniter->run()
INFO - 2024-03-14 10:51:15 --> Session: Class initialized using 'CodeIgniter\Session\Handlers\FileHandler' driver.
INFO - 2024-03-14 10:53:06 --> Session: Class initialized using 'CodeIgniter\Session\Handlers\FileHandler' driver.
CRITICAL - 2024-03-14 10:53:06 --> Undefined array key "title"
in APPPATH\Views\view_inventory.php on line 69.
 1 APPPATH\Views\view_inventory.php(69): CodeIgniter\Debug\Exceptions->errorHandler(2, 'Undefined array key "title"', 'E:\\xampp\\htdocs\\KrushnaDairy\\app\\Views\\view_inventory.php', 69)
 2 SYSTEMPATH\View\View.php(224): include('E:\\xampp\\htdocs\\KrushnaDairy\\app\\Views\\view_inventory.php')
 3 SYSTEMPATH\View\View.php(227): CodeIgniter\View\View->CodeIgniter\View\{closure}()
 4 SYSTEMPATH\Common.php(1180): CodeIgniter\View\View->render('view_inventory', [], true)
 5 APPPATH\Controllers\Home.php(47): view('view_inventory', [...])
 6 SYSTEMPATH\CodeIgniter.php(932): App\Controllers\Home->inventory()
 7 SYSTEMPATH\CodeIgniter.php(497): CodeIgniter\CodeIgniter->runController(Object(App\Controllers\Home))
 8 SYSTEMPATH\CodeIgniter.php(366): CodeIgniter\CodeIgniter->handleRequest(null, Object(Config\Cache), false)
 9 FCPATH\index.php(67): CodeIgniter\CodeIgniter->run()
INFO - 2024-03-14 10:54:14 --> Session: Class initialized using 'CodeIgniter\Session\Handlers\FileHandler' driver.
CRITICAL - 2024-03-14 10:54:14 --> Undefined array key "p_id"
in APPPATH\Views\view_inventory.php on line 69.
 1 APPPATH\Views\view_inventory.php(69): CodeIgniter\Debug\Exceptions->errorHandler(2, 'Undefined array key "p_id"', 'E:\\xampp\\htdocs\\KrushnaDairy\\app\\Views\\view_inventory.php', 69)
 2 SYSTEMPATH\View\View.php(224): include('E:\\xampp\\htdocs\\KrushnaDairy\\app\\Views\\view_inventory.php')
 3 SYSTEMPATH\View\View.php(227): CodeIgniter\View\View->CodeIgniter\View\{closure}()
 4 SYSTEMPATH\Common.php(1180): CodeIgniter\View\View->render('view_inventory', [], true)
 5 APPPATH\Controllers\Home.php(47): view('view_inventory', [...])
 6 SYSTEMPATH\CodeIgniter.php(932): App\Controllers\Home->inventory()
 7 SYSTEMPATH\CodeIgniter.php(497): CodeIgniter\CodeIgniter->runController(Object(App\Controllers\Home))
 8 SYSTEMPATH\CodeIgniter.php(366): CodeIgniter\CodeIgniter->handleRequest(null, Object(Config\Cache), false)
 9 FCPATH\index.php(67): CodeIgniter\CodeIgniter->run()
INFO - 2024-03-14 10:54:18 --> Session: Class initialized using 'CodeIgniter\Session\Handlers\FileHandler' driver.
CRITICAL - 2024-03-14 10:54:18 --> Undefined array key "p_id"
in APPPATH\Views\view_inventory.php on line 69.
 1 APPPATH\Views\view_inventory.php(69): CodeIgniter\Debug\Exceptions->errorHandler(2, 'Undefined array key "p_id"', 'E:\\xampp\\htdocs\\KrushnaDairy\\app\\Views\\view_inventory.php', 69)
 2 SYSTEMPATH\View\View.php(224): include('E:\\xampp\\htdocs\\KrushnaDairy\\app\\Views\\view_inventory.php')
 3 SYSTEMPATH\View\View.php(227): CodeIgniter\View\View->CodeIgniter\View\{closure}()
 4 SYSTEMPATH\Common.php(1180): CodeIgniter\View\View->render('view_inventory', [], true)
 5 APPPATH\Controllers\Home.php(47): view('view_inventory', [...])
 6 SYSTEMPATH\CodeIgniter.php(932): App\Controllers\Home->inventory()
 7 SYSTEMPATH\CodeIgniter.php(497): CodeIgniter\CodeIgniter->runController(Object(App\Controllers\Home))
 8 SYSTEMPATH\CodeIgniter.php(366): CodeIgniter\CodeIgniter->handleRequest(null, Object(Config\Cache), false)
 9 FCPATH\index.php(67): CodeIgniter\CodeIgniter->run()
INFO - 2024-03-14 10:55:34 --> Session: Class initialized using 'CodeIgniter\Session\Handlers\FileHandler' driver.
CRITICAL - 2024-03-14 10:55:34 --> Undefined array key "title"
in APPPATH\Views\view_inventory.php on line 69.
 1 APPPATH\Views\view_inventory.php(69): CodeIgniter\Debug\Exceptions->errorHandler(2, 'Undefined array key "title"', 'E:\\xampp\\htdocs\\KrushnaDairy\\app\\Views\\view_inventory.php', 69)
 2 SYSTEMPATH\View\View.php(224): include('E:\\xampp\\htdocs\\KrushnaDairy\\app\\Views\\view_inventory.php')
 3 SYSTEMPATH\View\View.php(227): CodeIgniter\View\View->CodeIgniter\View\{closure}()
 4 SYSTEMPATH\Common.php(1180): CodeIgniter\View\View->render('view_inventory', [], true)
 5 APPPATH\Controllers\Home.php(47): view('view_inventory', [...])
 6 SYSTEMPATH\CodeIgniter.php(932): App\Controllers\Home->inventory()
 7 SYSTEMPATH\CodeIgniter.php(497): CodeIgniter\CodeIgniter->runController(Object(App\Controllers\Home))
 8 SYSTEMPATH\CodeIgniter.php(366): CodeIgniter\CodeIgniter->handleRequest(null, Object(Config\Cache), false)
 9 FCPATH\index.php(67): CodeIgniter\CodeIgniter->run()
INFO - 2024-03-14 10:55:35 --> Session: Class initialized using 'CodeIgniter\Session\Handlers\FileHandler' driver.
CRITICAL - 2024-03-14 10:55:35 --> Undefined array key "title"
in APPPATH\Views\view_inventory.php on line 69.
 1 APPPATH\Views\view_inventory.php(69): CodeIgniter\Debug\Exceptions->errorHandler(2, 'Undefined array key "title"', 'E:\\xampp\\htdocs\\KrushnaDairy\\app\\Views\\view_inventory.php', 69)
 2 SYSTEMPATH\View\View.php(224): include('E:\\xampp\\htdocs\\KrushnaDairy\\app\\Views\\view_inventory.php')
 3 SYSTEMPATH\View\View.php(227): CodeIgniter\View\View->CodeIgniter\View\{closure}()
 4 SYSTEMPATH\Common.php(1180): CodeIgniter\View\View->render('view_inventory', [], true)
 5 APPPATH\Controllers\Home.php(47): view('view_inventory', [...])
 6 SYSTEMPATH\CodeIgniter.php(932): App\Controllers\Home->inventory()
 7 SYSTEMPATH\CodeIgniter.php(497): CodeIgniter\CodeIgniter->runController(Object(App\Controllers\Home))
 8 SYSTEMPATH\CodeIgniter.php(366): CodeIgniter\CodeIgniter->handleRequest(null, Object(Config\Cache), false)
 9 FCPATH\index.php(67): CodeIgniter\CodeIgniter->run()
INFO - 2024-03-14 10:55:35 --> Session: Class initialized using 'CodeIgniter\Session\Handlers\FileHandler' driver.
CRITICAL - 2024-03-14 10:55:35 --> Undefined array key "title"
in APPPATH\Views\view_inventory.php on line 69.
 1 APPPATH\Views\view_inventory.php(69): CodeIgniter\Debug\Exceptions->errorHandler(2, 'Undefined array key "title"', 'E:\\xampp\\htdocs\\KrushnaDairy\\app\\Views\\view_inventory.php', 69)
 2 SYSTEMPATH\View\View.php(224): include('E:\\xampp\\htdocs\\KrushnaDairy\\app\\Views\\view_inventory.php')
 3 SYSTEMPATH\View\View.php(227): CodeIgniter\View\View->CodeIgniter\View\{closure}()
 4 SYSTEMPATH\Common.php(1180): CodeIgniter\View\View->render('view_inventory', [], true)
 5 APPPATH\Controllers\Home.php(47): view('view_inventory', [...])
 6 SYSTEMPATH\CodeIgniter.php(932): App\Controllers\Home->inventory()
 7 SYSTEMPATH\CodeIgniter.php(497): CodeIgniter\CodeIgniter->runController(Object(App\Controllers\Home))
 8 SYSTEMPATH\CodeIgniter.php(366): CodeIgniter\CodeIgniter->handleRequest(null, Object(Config\Cache), false)
 9 FCPATH\index.php(67): CodeIgniter\CodeIgniter->run()
INFO - 2024-03-14 10:55:49 --> Session: Class initialized using 'CodeIgniter\Session\Handlers\FileHandler' driver.
INFO - 2024-03-14 10:57:53 --> Session: Class initialized using 'CodeIgniter\Session\Handlers\FileHandler' driver.
INFO - 2024-03-14 10:58:15 --> Session: Class initialized using 'CodeIgniter\Session\Handlers\FileHandler' driver.
INFO - 2024-03-14 10:59:10 --> Session: Class initialized using 'CodeIgniter\Session\Handlers\FileHandler' driver.
INFO - 2024-03-14 10:59:11 --> Session: Class initialized using 'CodeIgniter\Session\Handlers\FileHandler' driver.
INFO - 2024-03-14 11:03:05 --> Session: Class initialized using 'CodeIgniter\Session\Handlers\FileHandler' driver.
CRITICAL - 2024-03-14 11:03:05 --> Undefined array key "categories"
in APPPATH\Views\view_inventory.php on line 72.
 1 APPPATH\Views\view_inventory.php(72): CodeIgniter\Debug\Exceptions->errorHandler(2, 'Undefined array key "categories"', 'E:\\xampp\\htdocs\\KrushnaDairy\\app\\Views\\view_inventory.php', 72)
 2 SYSTEMPATH\View\View.php(224): include('E:\\xampp\\htdocs\\KrushnaDairy\\app\\Views\\view_inventory.php')
 3 SYSTEMPATH\View\View.php(227): CodeIgniter\View\View->CodeIgniter\View\{closure}()
 4 SYSTEMPATH\Common.php(1180): CodeIgniter\View\View->render('view_inventory', [], true)
 5 APPPATH\Controllers\Home.php(47): view('view_inventory', [...])
 6 SYSTEMPATH\CodeIgniter.php(932): App\Controllers\Home->inventory()
 7 SYSTEMPATH\CodeIgniter.php(497): CodeIgniter\CodeIgniter->runController(Object(App\Controllers\Home))
 8 SYSTEMPATH\CodeIgniter.php(366): CodeIgniter\CodeIgniter->handleRequest(null, Object(Config\Cache), false)
 9 FCPATH\index.php(67): CodeIgniter\CodeIgniter->run()
INFO - 2024-03-14 11:03:23 --> Session: Class initialized using 'CodeIgniter\Session\Handlers\FileHandler' driver.
CRITICAL - 2024-03-14 11:03:23 --> Undefined array key "category"
in APPPATH\Views\view_inventory.php on line 72.
 1 APPPATH\Views\view_inventory.php(72): CodeIgniter\Debug\Exceptions->errorHandler(2, 'Undefined array key "category"', 'E:\\xampp\\htdocs\\KrushnaDairy\\app\\Views\\view_inventory.php', 72)
 2 SYSTEMPATH\View\View.php(224): include('E:\\xampp\\htdocs\\KrushnaDairy\\app\\Views\\view_inventory.php')
 3 SYSTEMPATH\View\View.php(227): CodeIgniter\View\View->CodeIgniter\View\{closure}()
 4 SYSTEMPATH\Common.php(1180): CodeIgniter\View\View->render('view_inventory', [], true)
 5 APPPATH\Controllers\Home.php(47): view('view_inventory', [...])
 6 SYSTEMPATH\CodeIgniter.php(932): App\Controllers\Home->inventory()
 7 SYSTEMPATH\CodeIgniter.php(497): CodeIgniter\CodeIgniter->runController(Object(App\Controllers\Home))
 8 SYSTEMPATH\CodeIgniter.php(366): CodeIgniter\CodeIgniter->handleRequest(null, Object(Config\Cache), false)
 9 FCPATH\index.php(67): CodeIgniter\CodeIgniter->run()
CRITICAL - 2024-03-14 11:05:07 --> syntax error, unexpected token ","
in APPPATH\Views\view_inventory.php on line 72.
 1 SYSTEMPATH\View\View.php(227): CodeIgniter\View\View->CodeIgniter\View\{closure}()
 2 SYSTEMPATH\Common.php(1180): CodeIgniter\View\View->render('view_inventory', [], true)
 3 APPPATH\Controllers\Home.php(47): view('view_inventory', [...])
 4 SYSTEMPATH\CodeIgniter.php(932): App\Controllers\Home->inventory()
 5 SYSTEMPATH\CodeIgniter.php(497): CodeIgniter\CodeIgniter->runController(Object(App\Controllers\Home))
 6 SYSTEMPATH\CodeIgniter.php(366): CodeIgniter\CodeIgniter->handleRequest(null, Object(Config\Cache), false)
 7 FCPATH\index.php(67): CodeIgniter\CodeIgniter->run()
CRITICAL - 2024-03-14 11:05:39 --> syntax error, unexpected token ","
in APPPATH\Views\view_inventory.php on line 72.
 1 SYSTEMPATH\View\View.php(227): CodeIgniter\View\View->CodeIgniter\View\{closure}()
 2 SYSTEMPATH\Common.php(1180): CodeIgniter\View\View->render('view_inventory', [], true)
 3 APPPATH\Controllers\Home.php(47): view('view_inventory', [...])
 4 SYSTEMPATH\CodeIgniter.php(932): App\Controllers\Home->inventory()
 5 SYSTEMPATH\CodeIgniter.php(497): CodeIgniter\CodeIgniter->runController(Object(App\Controllers\Home))
 6 SYSTEMPATH\CodeIgniter.php(366): CodeIgniter\CodeIgniter->handleRequest(null, Object(Config\Cache), false)
 7 FCPATH\index.php(67): CodeIgniter\CodeIgniter->run()
CRITICAL - 2024-03-14 11:05:45 --> syntax error, unexpected single-quoted string "category"
in APPPATH\Views\view_inventory.php on line 72.
 1 SYSTEMPATH\View\View.php(227): CodeIgniter\View\View->CodeIgniter\View\{closure}()
 2 SYSTEMPATH\Common.php(1180): CodeIgniter\View\View->render('view_inventory', [], true)
 3 APPPATH\Controllers\Home.php(47): view('view_inventory', [...])
 4 SYSTEMPATH\CodeIgniter.php(932): App\Controllers\Home->inventory()
 5 SYSTEMPATH\CodeIgniter.php(497): CodeIgniter\CodeIgniter->runController(Object(App\Controllers\Home))
 6 SYSTEMPATH\CodeIgniter.php(366): CodeIgniter\CodeIgniter->handleRequest(null, Object(Config\Cache), false)
 7 FCPATH\index.php(67): CodeIgniter\CodeIgniter->run()
CRITICAL - 2024-03-14 11:05:58 --> syntax error, unexpected double-quoted string "category"
in APPPATH\Views\view_inventory.php on line 72.
 1 SYSTEMPATH\View\View.php(227): CodeIgniter\View\View->CodeIgniter\View\{closure}()
 2 SYSTEMPATH\Common.php(1180): CodeIgniter\View\View->render('view_inventory', [], true)
 3 APPPATH\Controllers\Home.php(47): view('view_inventory', [...])
 4 SYSTEMPATH\CodeIgniter.php(932): App\Controllers\Home->inventory()
 5 SYSTEMPATH\CodeIgniter.php(497): CodeIgniter\CodeIgniter->runController(Object(App\Controllers\Home))
 6 SYSTEMPATH\CodeIgniter.php(366): CodeIgniter\CodeIgniter->handleRequest(null, Object(Config\Cache), false)
 7 FCPATH\index.php(67): CodeIgniter\CodeIgniter->run()
CRITICAL - 2024-03-14 11:06:00 --> syntax error, unexpected double-quoted string "category"
in APPPATH\Views\view_inventory.php on line 72.
 1 SYSTEMPATH\View\View.php(227): CodeIgniter\View\View->CodeIgniter\View\{closure}()
 2 SYSTEMPATH\Common.php(1180): CodeIgniter\View\View->render('view_inventory', [], true)
 3 APPPATH\Controllers\Home.php(47): view('view_inventory', [...])
 4 SYSTEMPATH\CodeIgniter.php(932): App\Controllers\Home->inventory()
 5 SYSTEMPATH\CodeIgniter.php(497): CodeIgniter\CodeIgniter->runController(Object(App\Controllers\Home))
 6 SYSTEMPATH\CodeIgniter.php(366): CodeIgniter\CodeIgniter->handleRequest(null, Object(Config\Cache), false)
 7 FCPATH\index.php(67): CodeIgniter\CodeIgniter->run()
CRITICAL - 2024-03-14 11:06:01 --> syntax error, unexpected double-quoted string "category"
in APPPATH\Views\view_inventory.php on line 72.
 1 SYSTEMPATH\View\View.php(227): CodeIgniter\View\View->CodeIgniter\View\{closure}()
 2 SYSTEMPATH\Common.php(1180): CodeIgniter\View\View->render('view_inventory', [], true)
 3 APPPATH\Controllers\Home.php(47): view('view_inventory', [...])
 4 SYSTEMPATH\CodeIgniter.php(932): App\Controllers\Home->inventory()
 5 SYSTEMPATH\CodeIgniter.php(497): CodeIgniter\CodeIgniter->runController(Object(App\Controllers\Home))
 6 SYSTEMPATH\CodeIgniter.php(366): CodeIgniter\CodeIgniter->handleRequest(null, Object(Config\Cache), false)
 7 FCPATH\index.php(67): CodeIgniter\CodeIgniter->run()
CRITICAL - 2024-03-14 11:06:01 --> syntax error, unexpected double-quoted string "category"
in APPPATH\Views\view_inventory.php on line 72.
 1 SYSTEMPATH\View\View.php(227): CodeIgniter\View\View->CodeIgniter\View\{closure}()
 2 SYSTEMPATH\Common.php(1180): CodeIgniter\View\View->render('view_inventory', [], true)
 3 APPPATH\Controllers\Home.php(47): view('view_inventory', [...])
 4 SYSTEMPATH\CodeIgniter.php(932): App\Controllers\Home->inventory()
 5 SYSTEMPATH\CodeIgniter.php(497): CodeIgniter\CodeIgniter->runController(Object(App\Controllers\Home))
 6 SYSTEMPATH\CodeIgniter.php(366): CodeIgniter\CodeIgniter->handleRequest(null, Object(Config\Cache), false)
 7 FCPATH\index.php(67): CodeIgniter\CodeIgniter->run()
INFO - 2024-03-14 11:07:03 --> Session: Class initialized using 'CodeIgniter\Session\Handlers\FileHandler' driver.
INFO - 2024-03-14 11:07:20 --> Session: Class initialized using 'CodeIgniter\Session\Handlers\FileHandler' driver.
INFO - 2024-03-14 11:11:21 --> Session: Class initialized using 'CodeIgniter\Session\Handlers\FileHandler' driver.
INFO - 2024-03-14 11:12:50 --> Session: Class initialized using 'CodeIgniter\Session\Handlers\FileHandler' driver.
INFO - 2024-03-14 11:14:10 --> Session: Class initialized using 'CodeIgniter\Session\Handlers\FileHandler' driver.
INFO - 2024-03-14 11:16:09 --> Session: Class initialized using 'CodeIgniter\Session\Handlers\FileHandler' driver.
INFO - 2024-03-14 11:16:51 --> Session: Class initialized using 'CodeIgniter\Session\Handlers\FileHandler' driver.
INFO - 2024-03-14 11:17:03 --> Session: Class initialized using 'CodeIgniter\Session\Handlers\FileHandler' driver.
INFO - 2024-03-14 11:18:22 --> Session: Class initialized using 'CodeIgniter\Session\Handlers\FileHandler' driver.
INFO - 2024-03-14 11:19:57 --> Session: Class initialized using 'CodeIgniter\Session\Handlers\FileHandler' driver.
CRITICAL - 2024-03-14 11:23:22 --> syntax error, unexpected token "endforeach", expecting end of file
in APPPATH\Views\view_inventory.php on line 91.
 1 SYSTEMPATH\View\View.php(227): CodeIgniter\View\View->CodeIgniter\View\{closure}()
 2 SYSTEMPATH\Common.php(1180): CodeIgniter\View\View->render('view_inventory', [], true)
 3 APPPATH\Controllers\Home.php(47): view('view_inventory', [...])
 4 SYSTEMPATH\CodeIgniter.php(932): App\Controllers\Home->inventory()
 5 SYSTEMPATH\CodeIgniter.php(497): CodeIgniter\CodeIgniter->runController(Object(App\Controllers\Home))
 6 SYSTEMPATH\CodeIgniter.php(366): CodeIgniter\CodeIgniter->handleRequest(null, Object(Config\Cache), false)
 7 FCPATH\index.php(67): CodeIgniter\CodeIgniter->run()
CRITICAL - 2024-03-14 11:23:23 --> syntax error, unexpected token "endforeach", expecting end of file
in APPPATH\Views\view_inventory.php on line 91.
 1 SYSTEMPATH\View\View.php(227): CodeIgniter\View\View->CodeIgniter\View\{closure}()
 2 SYSTEMPATH\Common.php(1180): CodeIgniter\View\View->render('view_inventory', [], true)
 3 APPPATH\Controllers\Home.php(47): view('view_inventory', [...])
 4 SYSTEMPATH\CodeIgniter.php(932): App\Controllers\Home->inventory()
 5 SYSTEMPATH\CodeIgniter.php(497): CodeIgniter\CodeIgniter->runController(Object(App\Controllers\Home))
 6 SYSTEMPATH\CodeIgniter.php(366): CodeIgniter\CodeIgniter->handleRequest(null, Object(Config\Cache), false)
 7 FCPATH\index.php(67): CodeIgniter\CodeIgniter->run()
CRITICAL - 2024-03-14 11:23:23 --> syntax error, unexpected token "endforeach", expecting end of file
in APPPATH\Views\view_inventory.php on line 91.
 1 SYSTEMPATH\View\View.php(227): CodeIgniter\View\View->CodeIgniter\View\{closure}()
 2 SYSTEMPATH\Common.php(1180): CodeIgniter\View\View->render('view_inventory', [], true)
 3 APPPATH\Controllers\Home.php(47): view('view_inventory', [...])
 4 SYSTEMPATH\CodeIgniter.php(932): App\Controllers\Home->inventory()
 5 SYSTEMPATH\CodeIgniter.php(497): CodeIgniter\CodeIgniter->runController(Object(App\Controllers\Home))
 6 SYSTEMPATH\CodeIgniter.php(366): CodeIgniter\CodeIgniter->handleRequest(null, Object(Config\Cache), false)
 7 FCPATH\index.php(67): CodeIgniter\CodeIgniter->run()
INFO - 2024-03-14 11:23:38 --> Session: Class initialized using 'CodeIgniter\Session\Handlers\FileHandler' driver.
INFO - 2024-03-14 11:26:59 --> Session: Class initialized using 'CodeIgniter\Session\Handlers\FileHandler' driver.
INFO - 2024-03-14 11:27:17 --> Session: Class initialized using 'CodeIgniter\Session\Handlers\FileHandler' driver.
INFO - 2024-03-14 11:27:53 --> Session: Class initialized using 'CodeIgniter\Session\Handlers\FileHandler' driver.
INFO - 2024-03-14 11:28:52 --> Session: Class initialized using 'CodeIgniter\Session\Handlers\FileHandler' driver.
INFO - 2024-03-14 11:30:18 --> Session: Class initialized using 'CodeIgniter\Session\Handlers\FileHandler' driver.
INFO - 2024-03-14 11:31:58 --> Session: Class initialized using 'CodeIgniter\Session\Handlers\FileHandler' driver.
INFO - 2024-03-14 12:16:58 --> Session: Class initialized using 'CodeIgniter\Session\Handlers\FileHandler' driver.
INFO - 2024-03-14 12:17:16 --> Session: Class initialized using 'CodeIgniter\Session\Handlers\FileHandler' driver.
INFO - 2024-03-14 12:17:16 --> Session: Class initialized using 'CodeIgniter\Session\Handlers\FileHandler' driver.
INFO - 2024-03-14 12:17:26 --> Session: Class initialized using 'CodeIgniter\Session\Handlers\FileHandler' driver.
INFO - 2024-03-14 12:17:47 --> Session: Class initialized using 'CodeIgniter\Session\Handlers\FileHandler' driver.
INFO - 2024-03-14 12:17:53 --> Session: Class initialized using 'CodeIgniter\Session\Handlers\FileHandler' driver.
INFO - 2024-03-14 12:18:26 --> Session: Class initialized using 'CodeIgniter\Session\Handlers\FileHandler' driver.
INFO - 2024-03-14 12:18:32 --> Session: Class initialized using 'CodeIgniter\Session\Handlers\FileHandler' driver.
INFO - 2024-03-14 12:18:44 --> Session: Class initialized using 'CodeIgniter\Session\Handlers\FileHandler' driver.
